Using TensorFlow backend.
2017-12-12 21:41:38.588159: I tensorflow/core/platform/cpu_feature_guard.cc:137] Your CPU supports instructions that this TensorFlow binary was not compiled to use: SSE4.1 SSE4.2 AVX AVX2 FMA
Updating Model file from 30000 to latest format...
Loaded model gait9dof18musc_Thelen_BigSpheres.osim from file /home/rlipkis/anaconda3/envs/opensim-rl/lib/python2.7/site-packages/osim/env/../models/gait9dof18musc.osim
_________________________________________________________________
Layer (type)                 Output Shape              Param #   
=================================================================
flatten_1 (Flatten)          (None, 41)                0         
_________________________________________________________________
dense_1 (Dense)              (None, 32)                1344      
_________________________________________________________________
leaky_re_lu_1 (LeakyReLU)    (None, 32)                0         
_________________________________________________________________
dense_2 (Dense)              (None, 32)                1056      
_________________________________________________________________
leaky_re_lu_2 (LeakyReLU)    (None, 32)                0         
_________________________________________________________________
dense_3 (Dense)              (None, 32)                1056      
_________________________________________________________________
leaky_re_lu_3 (LeakyReLU)    (None, 32)                0         
_________________________________________________________________
dense_4 (Dense)              (None, 18)                594       
_________________________________________________________________
activation_1 (Activation)    (None, 18)                0         
=================================================================
Total params: 4,050
Trainable params: 4,050
Non-trainable params: 0
_________________________________________________________________
None
__________________________________________________________________________________________________
Layer (type)                    Output Shape         Param #     Connected to                     
==================================================================================================
observation_input (InputLayer)  (None, 1, 41)        0                                            
__________________________________________________________________________________________________
action_input (InputLayer)       (None, 18)           0                                            
__________________________________________________________________________________________________
flatten_2 (Flatten)             (None, 41)           0           observation_input[0][0]          
__________________________________________________________________________________________________
concatenate_1 (Concatenate)     (None, 59)           0           action_input[0][0]               
                                                                 flatten_2[0][0]                  
__________________________________________________________________________________________________
dense_5 (Dense)                 (None, 64)           3840        concatenate_1[0][0]              
__________________________________________________________________________________________________
leaky_re_lu_4 (LeakyReLU)       (None, 64)           0           dense_5[0][0]                    
__________________________________________________________________________________________________
dense_6 (Dense)                 (None, 64)           4160        leaky_re_lu_4[0][0]              
__________________________________________________________________________________________________
leaky_re_lu_5 (LeakyReLU)       (None, 64)           0           dense_6[0][0]                    
__________________________________________________________________________________________________
dense_7 (Dense)                 (None, 64)           4160        leaky_re_lu_5[0][0]              
__________________________________________________________________________________________________
leaky_re_lu_6 (LeakyReLU)       (None, 64)           0           dense_7[0][0]                    
__________________________________________________________________________________________________
dense_8 (Dense)                 (None, 1)            65          leaky_re_lu_6[0][0]              
__________________________________________________________________________________________________
activation_2 (Activation)       (None, 1)            0           dense_8[0][0]                    
==================================================================================================
Total params: 12,225
Trainable params: 12,225
Non-trainable params: 0
__________________________________________________________________________________________________
None
Training for 500000 steps ...
Interval 1 (0 steps performed)

    1/10000 [..............................] - ETA: 49:57 - reward: 7.6596e-04
    2/10000 [..............................] - ETA: 28:56 - reward: 0.0012    
    3/10000 [..............................] - ETA: 21:55 - reward: 0.0014
    4/10000 [..............................] - ETA: 18:13 - reward: 0.0019
    5/10000 [..............................] - ETA: 20:33 - reward: 0.0022
    6/10000 [..............................] - ETA: 18:04 - reward: 0.0023
    7/10000 [..............................] - ETA: 17:33 - reward: 0.0020
    8/10000 [..............................] - ETA: 16:04 - reward: 0.0018
    9/10000 [..............................] - ETA: 15:04 - reward: 0.0016
   10/10000 [..............................] - ETA: 14:17 - reward: 0.0015
   11/10000 [..............................] - ETA: 13:49 - reward: 0.0015
   12/10000 [..............................] - ETA: 13:23 - reward: 0.0016
   13/10000 [..............................] - ETA: 13:01 - reward: 0.0016
   14/10000 [..............................] - ETA: 12:47 - reward: 0.0017
   15/10000 [..............................] - ETA: 12:33 - reward: 0.0018
   16/10000 [..............................] - ETA: 12:21 - reward: 0.0019
   17/10000 [..............................] - ETA: 12:10 - reward: 0.0020
   18/10000 [..............................] - ETA: 12:05 - reward: 0.0021
   19/10000 [..............................] - ETA: 11:59 - reward: 0.0021
   20/10000 [..............................] - ETA: 11:53 - reward: 0.0022
   21/10000 [..............................] - ETA: 11:48 - reward: 0.0023
   22/10000 [..............................] - ETA: 11:45 - reward: 0.0023
   23/10000 [..............................] - ETA: 11:40 - reward: 0.0024
   24/10000 [..............................] - ETA: 11:38 - reward: 0.0025
   25/10000 [..............................] - ETA: 11:37 - reward: 0.0025
   26/10000 [..............................] - ETA: 11:35 - reward: 0.0026
   27/10000 [..............................] - ETA: 11:33 - reward: 0.0027
   28/10000 [..............................] - ETA: 11:33 - reward: 0.0027
   29/10000 [..............................] - ETA: 11:33 - reward: 0.0027
   30/10000 [..............................] - ETA: 11:32 - reward: 0.0028
   31/10000 [..............................] - ETA: 11:32 - reward: 0.0027
   32/10000 [..............................] - ETA: 11:33 - reward: 0.0027
   33/10000 [..............................] - ETA: 11:36 - reward: 0.0026
   34/10000 [..............................] - ETA: 11:38 - reward: 0.0025
   35/10000 [..............................] - ETA: 11:40 - reward: 0.0023
   36/10000 [..............................] - ETA: 11:40 - reward: 0.0022
   37/10000 [..............................] - ETA: 11:41 - reward: 0.0020
   38/10000 [..............................] - ETA: 11:43 - reward: 0.0018
   39/10000 [..............................] - ETA: 11:46 - reward: 0.0017
   40/10000 [..............................] - ETA: 11:47 - reward: 0.0015
   41/10000 [..............................] - ETA: 11:47 - reward: 0.0014
   42/10000 [..............................] - ETA: 11:48 - reward: 0.0012
   43/10000 [..............................] - ETA: 11:49 - reward: 0.0011
   44/10000 [..............................] - ETA: 11:50 - reward: 9.9882e-04
   45/10000 [..............................] - ETA: 11:51 - reward: 8.9464e-04
   46/10000 [..............................] - ETA: 11:51 - reward: 7.9762e-04
   47/10000 [..............................] - ETA: 11:53 - reward: 7.0594e-04
   48/10000 [..............................] - ETA: 11:53 - reward: 6.1767e-04
   49/10000 [..............................] - ETA: 11:54 - reward: 5.3129e-04
   50/10000 [..............................] - ETA: 11:56 - reward: 4.4564e-04
   51/10000 [..............................] - ETA: 11:54 - reward: 3.6001e-04
   52/10000 [..............................] - ETA: 11:56 - reward: 2.7392e-04
   53/10000 [..............................] - ETA: 11:57 - reward: 1.8714e-04
   54/10000 [..............................] - ETA: 11:59 - reward: 9.9392e-05
   55/10000 [..............................] - ETA: 11:58 - reward: 1.0221e-05
   56/10000 [..............................] - ETA: 11:59 - reward: -8.0434e-05
   57/10000 [..............................] - ETA: 11:59 - reward: -1.7243e-04
   58/10000 [..............................] - ETA: 11:58 - reward: -2.6538e-04
   59/10000 [..............................] - ETA: 11:58 - reward: -3.5873e-04
   60/10000 [..............................] - ETA: 11:58 - reward: -4.5209e-04
   61/10000 [..............................] - ETA: 11:57 - reward: -5.4515e-04
   62/10000 [..............................] - ETA: 11:57 - reward: -6.3754e-04
   63/10000 [..............................] - ETA: 11:56 - reward: -7.2901e-04
   64/10000 [..............................] - ETA: 11:54 - reward: -8.1937e-04
   65/10000 [..............................] - ETA: 11:54 - reward: -9.0900e-04
   66/10000 [..............................] - ETA: 11:52 - reward: -9.9827e-04
   67/10000 [..............................] - ETA: 11:52 - reward: -0.0011    
   68/10000 [..............................] - ETA: 11:51 - reward: -0.0012
   69/10000 [..............................] - ETA: 11:50 - reward: -0.0013
   70/10000 [..............................] - ETA: 11:49 - reward: -0.0014
   71/10000 [..............................] - ETA: 11:48 - reward: -0.0015
   72/10000 [..............................] - ETA: 11:47 - reward: -0.0015
   73/10000 [..............................] - ETA: 11:46 - reward: -0.0016
   74/10000 [..............................] - ETA: 11:45 - reward: -0.0017
   75/10000 [..............................] - ETA: 11:43 - reward: -0.0018
   76/10000 [..............................] - ETA: 11:42 - reward: -0.0019
   77/10000 [..............................] - ETA: 11:40 - reward: -0.0020
   78/10000 [..............................] - ETA: 11:38 - reward: -0.0021
   79/10000 [..............................] - ETA: 11:36 - reward: -0.0022
   80/10000 [..............................] - ETA: 11:33 - reward: -0.0023
   81/10000 [..............................] - ETA: 11:31 - reward: -0.0025
   82/10000 [..............................] - ETA: 11:28 - reward: -0.0026
   83/10000 [..............................] - ETA: 11:25 - reward: -0.0027
   84/10000 [..............................] - ETA: 11:23 - reward: -0.0028
   85/10000 [..............................] - ETA: 11:20 - reward: -0.0029
   86/10000 [..............................] - ETA: 11:16 - reward: -0.0030
   87/10000 [..............................] - ETA: 11:14 - reward: -0.0031
   88/10000 [..............................] - ETA: 11:11 - reward: -0.0032
   89/10000 [..............................] - ETA: 11:08 - reward: -0.0033
   90/10000 [..............................] - ETA: 11:05 - reward: -0.0034
   91/10000 [..............................] - ETA: 11:02 - reward: -0.0035
   92/10000 [..............................] - ETA: 10:59 - reward: -0.0036
   93/10000 [..............................] - ETA: 10:55 - reward: -0.0038
   94/10000 [..............................] - ETA: 10:52 - reward: -0.0039
   95/10000 [..............................] - ETA: 10:48 - reward: -0.0040
   96/10000 [..............................] - ETA: 10:45 - reward: -0.0041
   97/10000 [..............................] - ETA: 10:41 - reward: -0.0042
   98/10000 [..............................] - ETA: 10:37 - reward: -0.0043
   99/10000 [..............................] - ETA: 10:34 - reward: -0.0045
  100/10000 [..............................] - ETA: 10:29 - reward: -0.0046
  101/10000 [..............................] - ETA: 10:25 - reward: -0.0047
  102/10000 [..............................] - ETA: 11:03 - reward: -0.0048
  103/10000 [..............................] - ETA: 10:59 - reward: -0.0050
  104/10000 [..............................] - ETA: 10:55 - reward: -0.0051
  105/10000 [..............................] - ETA: 10:51 - reward: -0.0052
  106/10000 [..............................] - ETA: 10:47 - reward: -0.0053
  107/10000 [..............................] - ETA: 10:43 - reward: -0.0055
  108/10000 [..............................] - ETA: 10:39 - reward: -0.0056
  109/10000 [..............................] - ETA: 10:36 - reward: -0.0057
  110/10000 [..............................] - ETA: 10:32 - reward: -0.0058
  111/10000 [..............................] - ETA: 10:28 - reward: -0.0060
  112/10000 [..............................] - ETA: 10:25 - reward: -0.0061
  113/10000 [..............................] - ETA: 10:21 - reward: -0.0062
  114/10000 [..............................] - ETA: 10:18 - reward: -0.0063
  115/10000 [..............................] - ETA: 10:15 - reward: -0.0065
  116/10000 [..............................] - ETA: 10:11 - reward: -0.0066
  117/10000 [..............................] - ETA: 10:08 - reward: -0.0067
  118/10000 [..............................] - ETA: 10:05 - reward: -0.0068
  119/10000 [..............................] - ETA: 10:13 - reward: -0.0068
  120/10000 [..............................] - ETA: 10:12 - reward: -0.0067
  121/10000 [..............................] - ETA: 10:11 - reward: -0.0066
  122/10000 [..............................] - ETA: 10:13 - reward: -0.0065
  123/10000 [..............................] - ETA: 10:13 - reward: -0.0064
  124/10000 [..............................] - ETA: 10:17 - reward: -0.0064
  125/10000 [..............................] - ETA: 10:14 - reward: -0.0063
  126/10000 [..............................] - ETA: 10:13 - reward: -0.0062
  127/10000 [..............................] - ETA: 10:13 - reward: -0.0061
  128/10000 [..............................] - ETA: 10:13 - reward: -0.0061
  129/10000 [..............................] - ETA: 10:13 - reward: -0.0060
  130/10000 [..............................] - ETA: 10:13 - reward: -0.0059
  131/10000 [..............................] - ETA: 10:14 - reward: -0.0058
  132/10000 [..............................] - ETA: 10:14 - reward: -0.0057
  133/10000 [..............................] - ETA: 10:20 - reward: -0.0057
  134/10000 [..............................] - ETA: 10:25 - reward: -0.0056
  135/10000 [..............................] - ETA: 10:25 - reward: -0.0055
  136/10000 [..............................] - ETA: 10:25 - reward: -0.0054
  137/10000 [..............................] - ETA: 10:26 - reward: -0.0053
  138/10000 [..............................] - ETA: 10:26 - reward: -0.0052
  139/10000 [..............................] - ETA: 10:26 - reward: -0.0052
  140/10000 [..............................] - ETA: 10:27 - reward: -0.0051
  141/10000 [..............................] - ETA: 10:28 - reward: -0.0050
  142/10000 [..............................] - ETA: 10:28 - reward: -0.0050
  143/10000 [..............................] - ETA: 10:28 - reward: -0.0049
  144/10000 [..............................] - ETA: 10:28 - reward: -0.0049
  145/10000 [..............................] - ETA: 10:28 - reward: -0.0049
  146/10000 [..............................] - ETA: 10:28 - reward: -0.0048
  147/10000 [..............................] - ETA: 10:28 - reward: -0.0048
  148/10000 [..............................] - ETA: 10:27 - reward: -0.0048
  149/10000 [..............................] - ETA: 10:27 - reward: -0.0048
  150/10000 [..............................] - ETA: 10:27 - reward: -0.0048
  151/10000 [..............................] - ETA: 10:26 - reward: -0.0048
  152/10000 [..............................] - ETA: 10:26 - reward: -0.0048
  153/10000 [..............................] - ETA: 10:26 - reward: -0.0048
  154/10000 [..............................] - ETA: 10:25 - reward: -0.0048
  155/10000 [..............................] - ETA: 10:25 - reward: -0.0048
  156/10000 [..............................] - ETA: 10:24 - reward: -0.0048
  157/10000 [..............................] - ETA: 10:25 - reward: -0.0047
  158/10000 [..............................] - ETA: 10:25 - reward: -0.0047
  159/10000 [..............................] - ETA: 10:25 - reward: -0.0047
  160/10000 [..............................] - ETA: 10:25 - reward: -0.0047
  161/10000 [..............................] - ETA: 10:25 - reward: -0.0047
  162/10000 [..............................] - ETA: 10:26 - reward: -0.0047
  163/10000 [..............................] - ETA: 10:27 - reward: -0.0047
  164/10000 [..............................] - ETA: 10:27 - reward: -0.0047
  165/10000 [..............................] - ETA: 10:28 - reward: -0.0047
  166/10000 [..............................] - ETA: 10:29 - reward: -0.0046
  167/10000 [..............................] - ETA: 10:30 - reward: -0.0046
  168/10000 [..............................] - ETA: 10:30 - reward: -0.0046
  169/10000 [..............................] - ETA: 10:31 - reward: -0.0046
  170/10000 [..............................] - ETA: 10:32 - reward: -0.0046
  171/10000 [..............................] - ETA: 10:33 - reward: -0.0046
  172/10000 [..............................] - ETA: 10:33 - reward: -0.0046
  173/10000 [..............................] - ETA: 10:34 - reward: -0.0046
  174/10000 [..............................] - ETA: 10:34 - reward: -0.0047
  175/10000 [..............................] - ETA: 10:34 - reward: -0.0047
  176/10000 [..............................] - ETA: 10:35 - reward: -0.0047
  177/10000 [..............................] - ETA: 10:35 - reward: -0.0047
  178/10000 [..............................] - ETA: 10:36 - reward: -0.0047
  179/10000 [..............................] - ETA: 10:36 - reward: -0.0047
  180/10000 [..............................] - ETA: 10:36 - reward: -0.0047
  181/10000 [..............................] - ETA: 10:36 - reward: -0.0047
  182/10000 [..............................] - ETA: 10:36 - reward: -0.0047
  183/10000 [..............................] - ETA: 10:36 - reward: -0.0047
  184/10000 [..............................] - ETA: 10:37 - reward: -0.0047
  185/10000 [..............................] - ETA: 10:37 - reward: -0.0048
  186/10000 [..............................] - ETA: 10:36 - reward: -0.0048
  187/10000 [..............................] - ETA: 10:36 - reward: -0.0048
  188/10000 [..............................] - ETA: 10:36 - reward: -0.0048
  189/10000 [..............................] - ETA: 10:36 - reward: -0.0048
  190/10000 [..............................] - ETA: 10:36 - reward: -0.0048
  191/10000 [..............................] - ETA: 10:36 - reward: -0.0049
  192/10000 [..............................] - ETA: 10:36 - reward: -0.0049
  193/10000 [..............................] - ETA: 10:36 - reward: -0.0049
  194/10000 [..............................] - ETA: 10:35 - reward: -0.0049
  195/10000 [..............................] - ETA: 10:35 - reward: -0.0050
  196/10000 [..............................] - ETA: 10:35 - reward: -0.0050
  197/10000 [..............................] - ETA: 10:34 - reward: -0.0050
  198/10000 [..............................] - ETA: 10:34 - reward: -0.0050
  199/10000 [..............................] - ETA: 10:34 - reward: -0.0051
  200/10000 [..............................] - ETA: 10:33 - reward: -0.0051
  201/10000 [..............................] - ETA: 10:33 - reward: -0.0051
  202/10000 [..............................] - ETA: 10:32 - reward: -0.0052
  203/10000 [..............................] - ETA: 10:31 - reward: -0.0052
  204/10000 [..............................] - ETA: 10:31 - reward: -0.0052
  205/10000 [..............................] - ETA: 10:30 - reward: -0.0053
  206/10000 [..............................] - ETA: 10:29 - reward: -0.0053
  207/10000 [..............................] - ETA: 10:28 - reward: -0.0053
  208/10000 [..............................] - ETA: 10:27 - reward: -0.0054
  209/10000 [..............................] - ETA: 10:26 - reward: -0.0054
  210/10000 [..............................] - ETA: 10:25 - reward: -0.0055
  211/10000 [..............................] - ETA: 10:24 - reward: -0.0055
  212/10000 [..............................] - ETA: 10:23 - reward: -0.0055
  213/10000 [..............................] - ETA: 10:22 - reward: -0.0056
  214/10000 [..............................] - ETA: 10:20 - reward: -0.0056
  215/10000 [..............................] - ETA: 10:19 - reward: -0.0057
  216/10000 [..............................] - ETA: 10:18 - reward: -0.0057
  217/10000 [..............................] - ETA: 10:17 - reward: -0.0058
  218/10000 [..............................] - ETA: 10:15 - reward: -0.0058
  219/10000 [..............................] - ETA: 10:14 - reward: -0.0059
  220/10000 [..............................] - ETA: 10:13 - reward: -0.0059
  221/10000 [..............................] - ETA: 10:11 - reward: -0.0060
  222/10000 [..............................] - ETA: 10:09 - reward: -0.0060
  223/10000 [..............................] - ETA: 10:08 - reward: -0.0061
  224/10000 [..............................] - ETA: 10:06 - reward: -0.0062
  225/10000 [..............................] - ETA: 10:04 - reward: -0.0062
  226/10000 [..............................] - ETA: 10:02 - reward: -0.0063
  227/10000 [..............................] - ETA: 10:00 - reward: -0.0063
  228/10000 [..............................] - ETA: 9:59 - reward: -0.0064 
  229/10000 [..............................] - ETA: 9:57 - reward: -0.0064
  230/10000 [..............................] - ETA: 9:55 - reward: -0.0065
  231/10000 [..............................] - ETA: 9:53 - reward: -0.0066
  232/10000 [..............................] - ETA: 9:51 - reward: -0.0066
  233/10000 [..............................] - ETA: 9:49 - reward: -0.0067
  234/10000 [..............................] - ETA: 9:48 - reward: -0.0068
  235/10000 [..............................] - ETA: 9:46 - reward: -0.0068
  236/10000 [..............................] - ETA: 9:44 - reward: -0.0069
  237/10000 [..............................] - ETA: 9:48 - reward: -0.0068
  238/10000 [..............................] - ETA: 9:47 - reward: -0.0068
  239/10000 [..............................] - ETA: 9:47 - reward: -0.0068
  240/10000 [..............................] - ETA: 9:49 - reward: -0.0067
  241/10000 [..............................] - ETA: 9:48 - reward: -0.0067
  242/10000 [..............................] - ETA: 9:49 - reward: -0.0066
  243/10000 [..............................] - ETA: 9:49 - reward: -0.0066
  244/10000 [..............................] - ETA: 9:48 - reward: -0.0065
  245/10000 [..............................] - ETA: 9:48 - reward: -0.0065
  246/10000 [..............................] - ETA: 9:49 - reward: -0.0064
  247/10000 [..............................] - ETA: 9:49 - reward: -0.0064
  248/10000 [..............................] - ETA: 9:50 - reward: -0.0063
  249/10000 [..............................] - ETA: 9:50 - reward: -0.0063
  250/10000 [..............................] - ETA: 9:51 - reward: -0.0062
  251/10000 [..............................] - ETA: 9:52 - reward: -0.0062
  252/10000 [..............................] - ETA: 9:53 - reward: -0.0061
  253/10000 [..............................] - ETA: 9:54 - reward: -0.0061
  254/10000 [..............................] - ETA: 9:55 - reward: -0.0060
  255/10000 [..............................] - ETA: 9:55 - reward: -0.0060
  256/10000 [..............................] - ETA: 9:57 - reward: -0.0059
  257/10000 [..............................] - ETA: 9:58 - reward: -0.0059
  258/10000 [..............................] - ETA: 10:03 - reward: -0.0059
  259/10000 [..............................] - ETA: 10:04 - reward: -0.0058
  260/10000 [..............................] - ETA: 10:05 - reward: -0.0058
  261/10000 [..............................] - ETA: 10:06 - reward: -0.0058
  262/10000 [..............................] - ETA: 10:06 - reward: -0.0058
  263/10000 [..............................] - ETA: 10:07 - reward: -0.0058
  264/10000 [..............................] - ETA: 10:07 - reward: -0.0058
  265/10000 [..............................] - ETA: 10:08 - reward: -0.0058
  266/10000 [..............................] - ETA: 10:08 - reward: -0.0057
  267/10000 [..............................] - ETA: 10:08 - reward: -0.0057
  268/10000 [..............................] - ETA: 10:09 - reward: -0.0057
  269/10000 [..............................] - ETA: 10:09 - reward: -0.0057
  270/10000 [..............................] - ETA: 10:09 - reward: -0.0057
  271/10000 [..............................] - ETA: 10:09 - reward: -0.0057
  272/10000 [..............................] - ETA: 10:10 - reward: -0.0057
  273/10000 [..............................] - ETA: 10:10 - reward: -0.0057
  274/10000 [..............................] - ETA: 10:10 - reward: -0.0057
  275/10000 [..............................] - ETA: 10:10 - reward: -0.0057
  276/10000 [..............................] - ETA: 10:11 - reward: -0.0057
  277/10000 [..............................] - ETA: 10:11 - reward: -0.0057
  278/10000 [..............................] - ETA: 10:13 - reward: -0.0056
  279/10000 [..............................] - ETA: 10:13 - reward: -0.0056
  280/10000 [..............................] - ETA: 10:13 - reward: -0.0056
  281/10000 [..............................] - ETA: 10:14 - reward: -0.0056
  282/10000 [..............................] - ETA: 10:14 - reward: -0.0056
  283/10000 [..............................] - ETA: 10:15 - reward: -0.0056
  284/10000 [..............................] - ETA: 10:15 - reward: -0.0056
  285/10000 [..............................] - ETA: 10:16 - reward: -0.0056
  286/10000 [..............................] - ETA: 10:16 - reward: -0.0056
  287/10000 [..............................] - ETA: 10:16 - reward: -0.0056
  288/10000 [..............................] - ETA: 10:16 - reward: -0.0056
  289/10000 [..............................] - ETA: 10:16 - reward: -0.0056
  290/10000 [..............................] - ETA: 10:17 - reward: -0.0056
  291/10000 [..............................] - ETA: 10:17 - reward: -0.0056
  292/10000 [..............................] - ETA: 10:17 - reward: -0.0056
  293/10000 [..............................] - ETA: 10:17 - reward: -0.0056
  294/10000 [..............................] - ETA: 10:16 - reward: -0.0056
  295/10000 [..............................] - ETA: 10:16 - reward: -0.0056
  296/10000 [..............................] - ETA: 10:16 - reward: -0.0056
  297/10000 [..............................] - ETA: 10:16 - reward: -0.0056
  298/10000 [..............................] - ETA: 10:16 - reward: -0.0056
  299/10000 [..............................] - ETA: 10:16 - reward: -0.0056
  300/10000 [..............................] - ETA: 10:16 - reward: -0.0056
  301/10000 [..............................] - ETA: 10:16 - reward: -0.0056
  302/10000 [..............................] - ETA: 10:16 - reward: -0.0056
  303/10000 [..............................] - ETA: 10:16 - reward: -0.0056
  304/10000 [..............................] - ETA: 10:16 - reward: -0.0056
  305/10000 [..............................] - ETA: 10:16 - reward: -0.0056
  306/10000 [..............................] - ETA: 10:15 - reward: -0.0056
  307/10000 [..............................] - ETA: 10:15 - reward: -0.0056
  308/10000 [..............................] - ETA: 10:15 - reward: -0.0056
  309/10000 [..............................] - ETA: 10:15 - reward: -0.0056
  310/10000 [..............................] - ETA: 10:15 - reward: -0.0056
  311/10000 [..............................] - ETA: 10:14 - reward: -0.0057
  312/10000 [..............................] - ETA: 10:14 - reward: -0.0057
  313/10000 [..............................] - ETA: 10:14 - reward: -0.0057
  314/10000 [..............................] - ETA: 10:13 - reward: -0.0057
  315/10000 [..............................] - ETA: 10:13 - reward: -0.0057
  316/10000 [..............................] - ETA: 10:13 - reward: -0.0057
  317/10000 [..............................] - ETA: 10:12 - reward: -0.0057
  318/10000 [..............................] - ETA: 10:12 - reward: -0.0058
  319/10000 [..............................] - ETA: 10:11 - reward: -0.0058
  320/10000 [..............................] - ETA: 10:10 - reward: -0.0058
  321/10000 [..............................] - ETA: 10:10 - reward: -0.0058
  322/10000 [..............................] - ETA: 10:09 - reward: -0.0058
  323/10000 [..............................] - ETA: 10:09 - reward: -0.0058
  324/10000 [..............................] - ETA: 10:08 - reward: -0.0059
  325/10000 [..............................] - ETA: 10:07 - reward: -0.0059
  326/10000 [..............................] - ETA: 10:07 - reward: -0.0059
  327/10000 [..............................] - ETA: 10:06 - reward: -0.0059
  328/10000 [..............................] - ETA: 10:05 - reward: -0.0060
  329/10000 [..............................] - ETA: 10:05 - reward: -0.0060
  330/10000 [..............................] - ETA: 10:04 - reward: -0.0060
  331/10000 [..............................] - ETA: 10:04 - reward: -0.0061
  332/10000 [..............................] - ETA: 10:04 - reward: -0.0061
  333/10000 [..............................] - ETA: 10:04 - reward: -0.0061
  334/10000 [>.............................] - ETA: 10:05 - reward: -0.0062
  335/10000 [>.............................] - ETA: 10:05 - reward: -0.0062
  336/10000 [>.............................] - ETA: 10:06 - reward: -0.0063
  337/10000 [>.............................] - ETA: 10:07 - reward: -0.0063
  338/10000 [>.............................] - ETA: 10:07 - reward: -0.0063
  339/10000 [>.............................] - ETA: 10:08 - reward: -0.0064
  340/10000 [>.............................] - ETA: 10:09 - reward: -0.0064
  341/10000 [>.............................] - ETA: 10:10 - reward: -0.0065
  342/10000 [>.............................] - ETA: 10:12 - reward: -0.0065
  343/10000 [>.............................] - ETA: 10:13 - reward: -0.0066
  344/10000 [>.............................] - ETA: 10:14 - reward: -0.0067
  345/10000 [>.............................] - ETA: 10:15 - reward: -0.0067
  346/10000 [>.............................] - ETA: 10:17 - reward: -0.0068
  347/10000 [>.............................] - ETA: 10:20 - reward: -0.0068
  348/10000 [>.............................] - ETA: 10:22 - reward: -0.0068
  349/10000 [>.............................] - ETA: 10:22 - reward: -0.0068
  350/10000 [>.............................] - ETA: 10:21 - reward: -0.0068
  351/10000 [>.............................] - ETA: 10:21 - reward: -0.0067
  352/10000 [>.............................] - ETA: 10:21 - reward: -0.0067
  353/10000 [>.............................] - ETA: 10:21 - reward: -0.0067
  354/10000 [>.............................] - ETA: 10:21 - reward: -0.0067
  355/10000 [>.............................] - ETA: 10:22 - reward: -0.0067
  356/10000 [>.............................] - ETA: 10:22 - reward: -0.0067
  357/10000 [>.............................] - ETA: 10:22 - reward: -0.0067
  358/10000 [>.............................] - ETA: 10:23 - reward: -0.0067
  359/10000 [>.............................] - ETA: 10:23 - reward: -0.0067
  360/10000 [>.............................] - ETA: 10:26 - reward: -0.0067
  361/10000 [>.............................] - ETA: 10:28 - reward: -0.0067
  362/10000 [>.............................] - ETA: 10:28 - reward: -0.0068
  363/10000 [>.............................] - ETA: 10:31 - reward: -0.0068
  364/10000 [>.............................] - ETA: 10:32 - reward: -0.0068
  365/10000 [>.............................] - ETA: 10:33 - reward: -0.0068
  366/10000 [>.............................] - ETA: 10:36 - reward: -0.0068
  367/10000 [>.............................] - ETA: 10:39 - reward: -0.0069
  368/10000 [>.............................] - ETA: 10:42 - reward: -0.0069
  369/10000 [>.............................] - ETA: 10:46 - reward: -0.0069
  370/10000 [>.............................] - ETA: 10:52 - reward: -0.0069
  371/10000 [>.............................] - ETA: 11:01 - reward: -0.0069
  372/10000 [>.............................] - ETA: 11:13 - reward: -0.0069
  373/10000 [>.............................] - ETA: 11:30 - reward: -0.0070
  374/10000 [>.............................] - ETA: 11:42 - reward: -0.0070
  375/10000 [>.............................] - ETA: 12:01 - reward: -0.0070
  376/10000 [>.............................] - ETA: 12:13 - reward: -0.0070
  377/10000 [>.............................] - ETA: 12:30 - reward: -0.0070
  378/10000 [>.............................] - ETA: 12:50 - reward: -0.0070
  379/10000 [>.............................] - ETA: 13:01 - reward: -0.0070
  380/10000 [>.............................] - ETA: 13:06 - reward: -0.0070
  381/10000 [>.............................] - ETA: 13:10 - reward: -0.0070
  382/10000 [>.............................] - ETA: 13:16 - reward: -0.0070
  383/10000 [>.............................] - ETA: 13:20 - reward: -0.0070
  384/10000 [>.............................] - ETA: 13:41 - reward: -0.0070
  385/10000 [>.............................] - ETA: 14:13 - reward: -0.0070
  386/10000 [>.............................] - ETA: 14:40 - reward: -0.0070
  387/10000 [>.............................] - ETA: 15:08 - reward: -0.0070
  388/10000 [>.............................] - ETA: 15:50 - reward: -0.0070
  389/10000 [>.............................] - ETA: 16:33 - reward: -0.0070
  390/10000 [>.............................] - ETA: 16:42 - reward: -0.0070
  391/10000 [>.............................] - ETA: 16:51 - reward: -0.0070
  392/10000 [>.............................] - ETA: 17:00 - reward: -0.0069
  393/10000 [>.............................] - ETA: 17:09 - reward: -0.0069
  394/10000 [>.............................] - ETA: 17:18 - reward: -0.0069
  395/10000 [>.............................] - ETA: 17:27 - reward: -0.0069
  396/10000 [>.............................] - ETA: 17:35 - reward: -0.0069
  397/10000 [>.............................] - ETA: 17:44 - reward: -0.0069
  398/10000 [>.............................] - ETA: 17:53 - reward: -0.0069
  399/10000 [>.............................] - ETA: 18:02 - reward: -0.0069
  400/10000 [>.............................] - ETA: 18:10 - reward: -0.0069
  401/10000 [>.............................] - ETA: 18:19 - reward: -0.0069
  402/10000 [>.............................] - ETA: 18:27 - reward: -0.0069
  403/10000 [>.............................] - ETA: 18:36 - reward: -0.0069
  404/10000 [>.............................] - ETA: 18:44 - reward: -0.0069
  405/10000 [>.............................] - ETA: 18:45 - reward: -0.0069
  406/10000 [>.............................] - ETA: 18:43 - reward: -0.0068
  407/10000 [>.............................] - ETA: 18:42 - reward: -0.0068
  408/10000 [>.............................] - ETA: 18:40 - reward: -0.0068
  409/10000 [>.............................] - ETA: 18:39 - reward: -0.0068
  410/10000 [>.............................] - ETA: 18:39 - reward: -0.0068
  411/10000 [>.............................] - ETA: 18:37 - reward: -0.0068
  412/10000 [>.............................] - ETA: 18:36 - reward: -0.0068
  413/10000 [>.............................] - ETA: 18:35 - reward: -0.0068
  414/10000 [>.............................] - ETA: 18:35 - reward: -0.0068
  415/10000 [>.............................] - ETA: 18:34 - reward: -0.0068
  416/10000 [>.............................] - ETA: 18:34 - reward: -0.0068
  417/10000 [>.............................] - ETA: 18:33 - reward: -0.0068
  418/10000 [>.............................] - ETA: 18:32 - reward: -0.0068
  419/10000 [>.............................] - ETA: 18:32 - reward: -0.0068
  420/10000 [>.............................] - ETA: 18:31 - reward: -0.0068
  421/10000 [>.............................] - ETA: 18:30 - reward: -0.0068
  422/10000 [>.............................] - ETA: 18:30 - reward: -0.0068
  423/10000 [>.............................] - ETA: 18:29 - reward: -0.0068
  424/10000 [>.............................] - ETA: 18:29 - reward: -0.0068
  425/10000 [>.............................] - ETA: 18:28 - reward: -0.0068
  426/10000 [>.............................] - ETA: 18:28 - reward: -0.0068
  427/10000 [>.............................] - ETA: 18:27 - reward: -0.0068
  428/10000 [>.............................] - ETA: 18:26 - reward: -0.0068
  429/10000 [>.............................] - ETA: 18:25 - reward: -0.0068
  430/10000 [>.............................] - ETA: 18:24 - reward: -0.0068
  431/10000 [>.............................] - ETA: 18:24 - reward: -0.0068
  432/10000 [>.............................] - ETA: 18:23 - reward: -0.0068
  433/10000 [>.............................] - ETA: 18:22 - reward: -0.0068
  434/10000 [>.............................] - ETA: 18:22 - reward: -0.0068
  435/10000 [>.............................] - ETA: 18:21 - reward: -0.0068
  436/10000 [>.............................] - ETA: 18:20 - reward: -0.0068
  437/10000 [>.............................] - ETA: 18:19 - reward: -0.0068
  438/10000 [>.............................] - ETA: 18:18 - reward: -0.0068
  439/10000 [>.............................] - ETA: 18:17 - reward: -0.0068
  440/10000 [>.............................] - ETA: 18:16 - reward: -0.0068
  441/10000 [>.............................] - ETA: 18:15 - reward: -0.0068
  442/10000 [>.............................] - ETA: 18:14 - reward: -0.0068
  443/10000 [>.............................] - ETA: 18:13 - reward: -0.0068
  444/10000 [>.............................] - ETA: 18:12 - reward: -0.0068
  445/10000 [>.............................] - ETA: 18:13 - reward: -0.0068
  446/10000 [>.............................] - ETA: 18:11 - reward: -0.0068
  447/10000 [>.............................] - ETA: 18:10 - reward: -0.0068
  448/10000 [>.............................] - ETA: 18:08 - reward: -0.0068
  449/10000 [>.............................] - ETA: 18:07 - reward: -0.0068
  450/10000 [>.............................] - ETA: 18:06 - reward: -0.0067
  451/10000 [>.............................] - ETA: 18:04 - reward: -0.0067
  452/10000 [>.............................] - ETA: 18:03 - reward: -0.0067
  453/10000 [>.............................] - ETA: 18:01 - reward: -0.0067
  454/10000 [>.............................] - ETA: 18:00 - reward: -0.0067
  455/10000 [>.............................] - ETA: 17:58 - reward: -0.0067
  456/10000 [>.............................] - ETA: 17:57 - reward: -0.0067
  457/10000 [>.............................] - ETA: 17:56 - reward: -0.0066
  458/10000 [>.............................] - ETA: 17:56 - reward: -0.0066
  459/10000 [>.............................] - ETA: 17:56 - reward: -0.0066
  460/10000 [>.............................] - ETA: 17:57 - reward: -0.0066
  461/10000 [>.............................] - ETA: 18:00 - reward: -0.0066
  462/10000 [>.............................] - ETA: 18:01 - reward: -0.0066
  463/10000 [>.............................] - ETA: 18:05 - reward: -0.0065
  464/10000 [>.............................] - ETA: 18:06 - reward: -0.0065
  465/10000 [>.............................] - ETA: 18:08 - reward: -0.0065
  466/10000 [>.............................] - ETA: 18:13 - reward: -0.0065
  467/10000 [>.............................] - ETA: 18:13 - reward: -0.0065
  468/10000 [>.............................] - ETA: 18:18 - reward: -0.0065
  469/10000 [>.............................] - ETA: 18:20 - reward: -0.0064
  470/10000 [>.............................] - ETA: 18:22 - reward: -0.0064
  471/10000 [>.............................] - ETA: 18:23 - reward: -0.0064
  472/10000 [>.............................] - ETA: 18:23 - reward: -0.0064
  473/10000 [>.............................] - ETA: 18:22 - reward: -0.0064
  474/10000 [>.............................] - ETA: 18:22 - reward: -0.0064
  475/10000 [>.............................] - ETA: 18:22 - reward: -0.0064
  476/10000 [>.............................] - ETA: 18:20 - reward: -0.0064
  477/10000 [>.............................] - ETA: 18:19 - reward: -0.0063
  478/10000 [>.............................] - ETA: 18:17 - reward: -0.0063
  479/10000 [>.............................] - ETA: 18:15 - reward: -0.0063
  480/10000 [>.............................] - ETA: 18:14 - reward: -0.0063
  481/10000 [>.............................] - ETA: 18:12 - reward: -0.0063
  482/10000 [>.............................] - ETA: 18:11 - reward: -0.0063
  483/10000 [>.............................] - ETA: 18:10 - reward: -0.0063
  484/10000 [>.............................] - ETA: 18:09 - reward: -0.0063
  485/10000 [>.............................] - ETA: 18:09 - reward: -0.0063
  486/10000 [>.............................] - ETA: 18:08 - reward: -0.0063
  487/10000 [>.............................] - ETA: 18:08 - reward: -0.0063
  488/10000 [>.............................] - ETA: 18:09 - reward: -0.0063
  489/10000 [>.............................] - ETA: 18:09 - reward: -0.0062
  490/10000 [>.............................] - ETA: 18:10 - reward: -0.0062
  491/10000 [>.............................] - ETA: 18:11 - reward: -0.0062
  492/10000 [>.............................] - ETA: 18:11 - reward: -0.0062
  493/10000 [>.............................] - ETA: 18:12 - reward: -0.0062
  494/10000 [>.............................] - ETA: 18:10 - reward: -0.0062
  495/10000 [>.............................] - ETA: 18:10 - reward: -0.0062
  496/10000 [>.............................] - ETA: 18:10 - reward: -0.0062
  497/10000 [>.............................] - ETA: 18:10 - reward: -0.0062
  498/10000 [>.............................] - ETA: 18:11 - reward: -0.0062
  499/10000 [>.............................] - ETA: 18:12 - reward: -0.0062
  500/10000 [>.............................] - ETA: 18:15 - reward: -0.0062
  501/10000 [>.............................] - ETA: 18:16 - reward: -0.0062
  502/10000 [>.............................] - ETA: 18:17 - reward: -0.0062
  503/10000 [>.............................] - ETA: 18:18 - reward: -0.0062
  504/10000 [>.............................] - ETA: 18:18 - reward: -0.0062
  505/10000 [>.............................] - ETA: 18:18 - reward: -0.0062
  506/10000 [>.............................] - ETA: 18:17 - reward: -0.0062
  507/10000 [>.............................] - ETA: 18:15 - reward: -0.0062
  508/10000 [>.............................] - ETA: 18:14 - reward: -0.0061
  509/10000 [>.............................] - ETA: 18:12 - reward: -0.0061
  510/10000 [>.............................] - ETA: 18:11 - reward: -0.0061
  511/10000 [>.............................] - ETA: 18:09 - reward: -0.0061
  512/10000 [>.............................] - ETA: 18:08 - reward: -0.0061
  513/10000 [>.............................] - ETA: 18:06 - reward: -0.0061
  514/10000 [>.............................] - ETA: 18:05 - reward: -0.0061
  515/10000 [>.............................] - ETA: 18:03 - reward: -0.0061
  516/10000 [>.............................] - ETA: 18:02 - reward: -0.0061
  517/10000 [>.............................] - ETA: 18:00 - reward: -0.0061
  518/10000 [>.............................] - ETA: 17:59 - reward: -0.0061
  519/10000 [>.............................] - ETA: 17:57 - reward: -0.0062
  520/10000 [>.............................] - ETA: 17:56 - reward: -0.0062
  521/10000 [>.............................] - ETA: 17:54 - reward: -0.0062
  522/10000 [>.............................] - ETA: 17:53 - reward: -0.0062
  523/10000 [>.............................] - ETA: 17:51 - reward: -0.0062
  524/10000 [>.............................] - ETA: 17:49 - reward: -0.0062
  525/10000 [>.............................] - ETA: 17:49 - reward: -0.0062
  526/10000 [>.............................] - ETA: 17:48 - reward: -0.0062
  527/10000 [>.............................] - ETA: 17:48 - reward: -0.0062
  528/10000 [>.............................] - ETA: 17:49 - reward: -0.0062
  529/10000 [>.............................] - ETA: 17:50 - reward: -0.0062
  530/10000 [>.............................] - ETA: 17:54 - reward: -0.0063
  531/10000 [>.............................] - ETA: 17:58 - reward: -0.0063
  532/10000 [>.............................] - ETA: 18:03 - reward: -0.0063
  533/10000 [>.............................] - ETA: 18:07 - reward: -0.0063
  534/10000 [>.............................] - ETA: 18:10 - reward: -0.0063
  535/10000 [>.............................] - ETA: 18:13 - reward: -0.0063
  536/10000 [>.............................] - ETA: 18:19 - reward: -0.0064
  537/10000 [>.............................] - ETA: 18:24 - reward: -0.0064
  538/10000 [>.............................] - ETA: 18:28 - reward: -0.0064
  539/10000 [>.............................] - ETA: 18:32 - reward: -0.0064
  540/10000 [>.............................] - ETA: 18:35 - reward: -0.0064
  541/10000 [>.............................] - ETA: 18:40 - reward: -0.0065
  542/10000 [>.............................] - ETA: 18:40 - reward: -0.0064
  543/10000 [>.............................] - ETA: 18:39 - reward: -0.0064
  544/10000 [>.............................] - ETA: 18:38 - reward: -0.0064
  545/10000 [>.............................] - ETA: 18:37 - reward: -0.0064
  546/10000 [>.............................] - ETA: 18:36 - reward: -0.0064
  547/10000 [>.............................] - ETA: 18:35 - reward: -0.0064
  548/10000 [>.............................] - ETA: 18:34 - reward: -0.0064
  549/10000 [>.............................] - ETA: 18:33 - reward: -0.0064
  550/10000 [>.............................] - ETA: 18:32 - reward: -0.0063
  551/10000 [>.............................] - ETA: 18:30 - reward: -0.0063
  552/10000 [>.............................] - ETA: 18:29 - reward: -0.0063slurmstepd-oat01: error: *** JOB 118445 ON oat01 CANCELLED AT 2017-12-12T21:42:47 ***
