Using TensorFlow backend.
2017-12-12 21:41:30.664260: I tensorflow/core/platform/cpu_feature_guard.cc:137] Your CPU supports instructions that this TensorFlow binary was not compiled to use: SSE4.1 SSE4.2 AVX AVX2 FMA
Updating Model file from 30000 to latest format...
Loaded model gait9dof18musc_Thelen_BigSpheres.osim from file /home/rlipkis/anaconda3/envs/opensim-rl/lib/python2.7/site-packages/osim/env/../models/gait9dof18musc.osim
_________________________________________________________________
Layer (type)                 Output Shape              Param #   
=================================================================
flatten_1 (Flatten)          (None, 41)                0         
_________________________________________________________________
dense_1 (Dense)              (None, 32)                1344      
_________________________________________________________________
leaky_re_lu_1 (LeakyReLU)    (None, 32)                0         
_________________________________________________________________
dense_2 (Dense)              (None, 32)                1056      
_________________________________________________________________
leaky_re_lu_2 (LeakyReLU)    (None, 32)                0         
_________________________________________________________________
dense_3 (Dense)              (None, 32)                1056      
_________________________________________________________________
leaky_re_lu_3 (LeakyReLU)    (None, 32)                0         
_________________________________________________________________
dense_4 (Dense)              (None, 18)                594       
_________________________________________________________________
activation_1 (Activation)    (None, 18)                0         
=================================================================
Total params: 4,050
Trainable params: 4,050
Non-trainable params: 0
_________________________________________________________________
None
__________________________________________________________________________________________________
Layer (type)                    Output Shape         Param #     Connected to                     
==================================================================================================
observation_input (InputLayer)  (None, 1, 41)        0                                            
__________________________________________________________________________________________________
action_input (InputLayer)       (None, 18)           0                                            
__________________________________________________________________________________________________
flatten_2 (Flatten)             (None, 41)           0           observation_input[0][0]          
__________________________________________________________________________________________________
concatenate_1 (Concatenate)     (None, 59)           0           action_input[0][0]               
                                                                 flatten_2[0][0]                  
__________________________________________________________________________________________________
dense_5 (Dense)                 (None, 64)           3840        concatenate_1[0][0]              
__________________________________________________________________________________________________
leaky_re_lu_4 (LeakyReLU)       (None, 64)           0           dense_5[0][0]                    
__________________________________________________________________________________________________
dense_6 (Dense)                 (None, 64)           4160        leaky_re_lu_4[0][0]              
__________________________________________________________________________________________________
leaky_re_lu_5 (LeakyReLU)       (None, 64)           0           dense_6[0][0]                    
__________________________________________________________________________________________________
dense_7 (Dense)                 (None, 64)           4160        leaky_re_lu_5[0][0]              
__________________________________________________________________________________________________
leaky_re_lu_6 (LeakyReLU)       (None, 64)           0           dense_7[0][0]                    
__________________________________________________________________________________________________
dense_8 (Dense)                 (None, 1)            65          leaky_re_lu_6[0][0]              
__________________________________________________________________________________________________
activation_2 (Activation)       (None, 1)            0           dense_8[0][0]                    
==================================================================================================
Total params: 12,225
Trainable params: 12,225
Non-trainable params: 0
__________________________________________________________________________________________________
None
Training for 1000000 steps ...
Interval 1 (0 steps performed)

    1/10000 [..............................] - ETA: 50:15 - reward: 7.6593e-04
    2/10000 [..............................] - ETA: 29:33 - reward: 0.0012    
    3/10000 [..............................] - ETA: 22:05 - reward: 0.0015
    4/10000 [..............................] - ETA: 18:24 - reward: 0.0018
    5/10000 [..............................] - ETA: 17:12 - reward: 0.0023
    6/10000 [..............................] - ETA: 17:58 - reward: 0.0026
    7/10000 [..............................] - ETA: 17:00 - reward: 0.0026
    8/10000 [..............................] - ETA: 16:02 - reward: 0.0025
    9/10000 [..............................] - ETA: 15:08 - reward: 0.0025
   10/10000 [..............................] - ETA: 14:20 - reward: 0.0025
   11/10000 [..............................] - ETA: 13:42 - reward: 0.0026
   12/10000 [..............................] - ETA: 13:13 - reward: 0.0028
   13/10000 [..............................] - ETA: 12:52 - reward: 0.0029
   14/10000 [..............................] - ETA: 12:33 - reward: 0.0031
   15/10000 [..............................] - ETA: 12:17 - reward: 0.0032
   16/10000 [..............................] - ETA: 12:04 - reward: 0.0034
   17/10000 [..............................] - ETA: 11:47 - reward: 0.0036
   18/10000 [..............................] - ETA: 11:37 - reward: 0.0037
   19/10000 [..............................] - ETA: 11:27 - reward: 0.0039
   20/10000 [..............................] - ETA: 11:21 - reward: 0.0040
   21/10000 [..............................] - ETA: 11:15 - reward: 0.0042
   22/10000 [..............................] - ETA: 11:09 - reward: 0.0043
   23/10000 [..............................] - ETA: 11:04 - reward: 0.0043
   24/10000 [..............................] - ETA: 10:58 - reward: 0.0042
   25/10000 [..............................] - ETA: 10:54 - reward: 0.0041
   26/10000 [..............................] - ETA: 10:52 - reward: 0.0040
   27/10000 [..............................] - ETA: 10:52 - reward: 0.0038
   28/10000 [..............................] - ETA: 10:52 - reward: 0.0036
   29/10000 [..............................] - ETA: 10:50 - reward: 0.0034
   30/10000 [..............................] - ETA: 10:50 - reward: 0.0031
   31/10000 [..............................] - ETA: 10:50 - reward: 0.0029
   32/10000 [..............................] - ETA: 10:50 - reward: 0.0027
   33/10000 [..............................] - ETA: 10:51 - reward: 0.0025
   34/10000 [..............................] - ETA: 10:50 - reward: 0.0023
   35/10000 [..............................] - ETA: 10:49 - reward: 0.0021
   36/10000 [..............................] - ETA: 10:49 - reward: 0.0020
   37/10000 [..............................] - ETA: 10:47 - reward: 0.0019
   38/10000 [..............................] - ETA: 10:46 - reward: 0.0018
   39/10000 [..............................] - ETA: 10:44 - reward: 0.0017
   40/10000 [..............................] - ETA: 10:43 - reward: 0.0016
   41/10000 [..............................] - ETA: 10:42 - reward: 0.0015
   42/10000 [..............................] - ETA: 10:41 - reward: 0.0014
   43/10000 [..............................] - ETA: 10:40 - reward: 0.0013
   44/10000 [..............................] - ETA: 10:39 - reward: 0.0012
   45/10000 [..............................] - ETA: 10:39 - reward: 0.0011
   46/10000 [..............................] - ETA: 10:39 - reward: 0.0010
   47/10000 [..............................] - ETA: 10:39 - reward: 9.3344e-04
   48/10000 [..............................] - ETA: 10:39 - reward: 8.3802e-04
   49/10000 [..............................] - ETA: 10:39 - reward: 7.4190e-04
   50/10000 [..............................] - ETA: 10:39 - reward: 6.4560e-04
   51/10000 [..............................] - ETA: 10:39 - reward: 5.4964e-04
   52/10000 [..............................] - ETA: 10:39 - reward: 4.5425e-04
   53/10000 [..............................] - ETA: 10:38 - reward: 3.5935e-04
   54/10000 [..............................] - ETA: 10:39 - reward: 2.6509e-04
   55/10000 [..............................] - ETA: 10:39 - reward: 1.7172e-04
   56/10000 [..............................] - ETA: 10:40 - reward: 7.9385e-05
   57/10000 [..............................] - ETA: 10:41 - reward: -1.1783e-05
   58/10000 [..............................] - ETA: 10:42 - reward: -1.0147e-04
   59/10000 [..............................] - ETA: 10:42 - reward: -1.8966e-04
   60/10000 [..............................] - ETA: 10:41 - reward: -2.7637e-04
   61/10000 [..............................] - ETA: 10:41 - reward: -3.6168e-04
   62/10000 [..............................] - ETA: 10:40 - reward: -4.4627e-04
   63/10000 [..............................] - ETA: 10:39 - reward: -5.3038e-04
   64/10000 [..............................] - ETA: 10:39 - reward: -6.1444e-04
   65/10000 [..............................] - ETA: 10:37 - reward: -6.9876e-04
   66/10000 [..............................] - ETA: 10:36 - reward: -7.8382e-04
   67/10000 [..............................] - ETA: 10:35 - reward: -8.6997e-04
   68/10000 [..............................] - ETA: 10:33 - reward: -9.5722e-04
   69/10000 [..............................] - ETA: 10:32 - reward: -0.0010    
   70/10000 [..............................] - ETA: 10:31 - reward: -0.0011
   71/10000 [..............................] - ETA: 10:29 - reward: -0.0012
   72/10000 [..............................] - ETA: 10:27 - reward: -0.0013
   73/10000 [..............................] - ETA: 10:25 - reward: -0.0014
   74/10000 [..............................] - ETA: 10:24 - reward: -0.0015
   75/10000 [..............................] - ETA: 10:21 - reward: -0.0016
   76/10000 [..............................] - ETA: 10:19 - reward: -0.0017
   77/10000 [..............................] - ETA: 10:17 - reward: -0.0018
   78/10000 [..............................] - ETA: 10:14 - reward: -0.0019
   79/10000 [..............................] - ETA: 10:12 - reward: -0.0020
   80/10000 [..............................] - ETA: 10:10 - reward: -0.0021
   81/10000 [..............................] - ETA: 10:07 - reward: -0.0022
   82/10000 [..............................] - ETA: 10:04 - reward: -0.0023
   83/10000 [..............................] - ETA: 10:02 - reward: -0.0024
   84/10000 [..............................] - ETA: 9:59 - reward: -0.0025 
   85/10000 [..............................] - ETA: 9:57 - reward: -0.0026
   86/10000 [..............................] - ETA: 9:53 - reward: -0.0027
   87/10000 [..............................] - ETA: 9:50 - reward: -0.0028
   88/10000 [..............................] - ETA: 9:47 - reward: -0.0029
   89/10000 [..............................] - ETA: 9:45 - reward: -0.0030
   90/10000 [..............................] - ETA: 9:43 - reward: -0.0031
   91/10000 [..............................] - ETA: 9:40 - reward: -0.0032
   92/10000 [..............................] - ETA: 9:37 - reward: -0.0033
   93/10000 [..............................] - ETA: 9:34 - reward: -0.0035
   94/10000 [..............................] - ETA: 9:30 - reward: -0.0036
   95/10000 [..............................] - ETA: 9:27 - reward: -0.0037
   96/10000 [..............................] - ETA: 9:24 - reward: -0.0038
   97/10000 [..............................] - ETA: 9:20 - reward: -0.0039
   98/10000 [..............................] - ETA: 9:17 - reward: -0.0040
   99/10000 [..............................] - ETA: 9:13 - reward: -0.0042
  100/10000 [..............................] - ETA: 9:10 - reward: -0.0043
  101/10000 [..............................] - ETA: 9:07 - reward: -0.0044
  102/10000 [..............................] - ETA: 9:46 - reward: -0.0045
  103/10000 [..............................] - ETA: 9:43 - reward: -0.0046
  104/10000 [..............................] - ETA: 9:40 - reward: -0.0048
  105/10000 [..............................] - ETA: 9:36 - reward: -0.0049
  106/10000 [..............................] - ETA: 9:33 - reward: -0.0050
  107/10000 [..............................] - ETA: 9:30 - reward: -0.0051
  108/10000 [..............................] - ETA: 9:26 - reward: -0.0052
  109/10000 [..............................] - ETA: 9:23 - reward: -0.0054
  110/10000 [..............................] - ETA: 9:20 - reward: -0.0055
  111/10000 [..............................] - ETA: 9:16 - reward: -0.0056
  112/10000 [..............................] - ETA: 9:13 - reward: -0.0057
  113/10000 [..............................] - ETA: 9:10 - reward: -0.0059
  114/10000 [..............................] - ETA: 9:07 - reward: -0.0060
  115/10000 [..............................] - ETA: 9:04 - reward: -0.0061
  116/10000 [..............................] - ETA: 9:00 - reward: -0.0062
  117/10000 [..............................] - ETA: 8:58 - reward: -0.0064
  118/10000 [..............................] - ETA: 8:55 - reward: -0.0065
  119/10000 [..............................] - ETA: 8:52 - reward: -0.0066
  120/10000 [..............................] - ETA: 8:48 - reward: -0.0067
  121/10000 [..............................] - ETA: 8:57 - reward: -0.0067
  122/10000 [..............................] - ETA: 8:57 - reward: -0.0066
  123/10000 [..............................] - ETA: 8:56 - reward: -0.0065
  124/10000 [..............................] - ETA: 8:56 - reward: -0.0065
  125/10000 [..............................] - ETA: 8:55 - reward: -0.0064
  126/10000 [..............................] - ETA: 8:59 - reward: -0.0063
  127/10000 [..............................] - ETA: 8:59 - reward: -0.0062
  128/10000 [..............................] - ETA: 8:58 - reward: -0.0062
  129/10000 [..............................] - ETA: 8:58 - reward: -0.0061
  130/10000 [..............................] - ETA: 8:57 - reward: -0.0060
  131/10000 [..............................] - ETA: 8:57 - reward: -0.0059
  132/10000 [..............................] - ETA: 8:56 - reward: -0.0059
  133/10000 [..............................] - ETA: 8:56 - reward: -0.0058
  134/10000 [..............................] - ETA: 8:56 - reward: -0.0057
  135/10000 [..............................] - ETA: 8:56 - reward: -0.0056
  136/10000 [..............................] - ETA: 8:55 - reward: -0.0056
  137/10000 [..............................] - ETA: 8:55 - reward: -0.0055
  138/10000 [..............................] - ETA: 8:56 - reward: -0.0054
  139/10000 [..............................] - ETA: 8:56 - reward: -0.0053
  140/10000 [..............................] - ETA: 8:56 - reward: -0.0052
  141/10000 [..............................] - ETA: 8:56 - reward: -0.0052
  142/10000 [..............................] - ETA: 8:56 - reward: -0.0051
  143/10000 [..............................] - ETA: 8:57 - reward: -0.0050
  144/10000 [..............................] - ETA: 8:58 - reward: -0.0049
  145/10000 [..............................] - ETA: 8:58 - reward: -0.0049
  146/10000 [..............................] - ETA: 9:00 - reward: -0.0048
  147/10000 [..............................] - ETA: 9:02 - reward: -0.0048
  148/10000 [..............................] - ETA: 9:04 - reward: -0.0047
  149/10000 [..............................] - ETA: 9:09 - reward: -0.0047
  150/10000 [..............................] - ETA: 9:11 - reward: -0.0047
  151/10000 [..............................] - ETA: 9:13 - reward: -0.0047
  152/10000 [..............................] - ETA: 9:16 - reward: -0.0047
  153/10000 [..............................] - ETA: 9:20 - reward: -0.0046
  154/10000 [..............................] - ETA: 9:22 - reward: -0.0046
  155/10000 [..............................] - ETA: 9:24 - reward: -0.0046
  156/10000 [..............................] - ETA: 9:26 - reward: -0.0046
  157/10000 [..............................] - ETA: 9:27 - reward: -0.0046
  158/10000 [..............................] - ETA: 9:29 - reward: -0.0046
  159/10000 [..............................] - ETA: 9:32 - reward: -0.0046
  160/10000 [..............................] - ETA: 9:34 - reward: -0.0046
  161/10000 [..............................] - ETA: 9:36 - reward: -0.0046
  162/10000 [..............................] - ETA: 9:39 - reward: -0.0046
  163/10000 [..............................] - ETA: 9:40 - reward: -0.0046
  164/10000 [..............................] - ETA: 9:43 - reward: -0.0045
  165/10000 [..............................] - ETA: 9:44 - reward: -0.0045
  166/10000 [..............................] - ETA: 9:47 - reward: -0.0045
  167/10000 [..............................] - ETA: 9:49 - reward: -0.0045
  168/10000 [..............................] - ETA: 9:52 - reward: -0.0045
  169/10000 [..............................] - ETA: 9:54 - reward: -0.0045
  170/10000 [..............................] - ETA: 9:56 - reward: -0.0045
  171/10000 [..............................] - ETA: 9:58 - reward: -0.0045
  172/10000 [..............................] - ETA: 10:01 - reward: -0.0045
  173/10000 [..............................] - ETA: 10:03 - reward: -0.0045
  174/10000 [..............................] - ETA: 10:05 - reward: -0.0045
  175/10000 [..............................] - ETA: 10:06 - reward: -0.0045
  176/10000 [..............................] - ETA: 10:08 - reward: -0.0045
  177/10000 [..............................] - ETA: 10:11 - reward: -0.0045
  178/10000 [..............................] - ETA: 10:13 - reward: -0.0045
  179/10000 [..............................] - ETA: 10:15 - reward: -0.0045
  180/10000 [..............................] - ETA: 10:18 - reward: -0.0045
  181/10000 [..............................] - ETA: 10:20 - reward: -0.0045
  182/10000 [..............................] - ETA: 10:22 - reward: -0.0045
  183/10000 [..............................] - ETA: 10:25 - reward: -0.0045
  184/10000 [..............................] - ETA: 10:27 - reward: -0.0045
  185/10000 [..............................] - ETA: 10:29 - reward: -0.0045
  186/10000 [..............................] - ETA: 10:31 - reward: -0.0045
  187/10000 [..............................] - ETA: 10:33 - reward: -0.0045
  188/10000 [..............................] - ETA: 10:34 - reward: -0.0045
  189/10000 [..............................] - ETA: 10:36 - reward: -0.0045
  190/10000 [..............................] - ETA: 10:37 - reward: -0.0045
  191/10000 [..............................] - ETA: 10:39 - reward: -0.0045
  192/10000 [..............................] - ETA: 10:40 - reward: -0.0045
  193/10000 [..............................] - ETA: 10:41 - reward: -0.0046
  194/10000 [..............................] - ETA: 10:42 - reward: -0.0046
  195/10000 [..............................] - ETA: 10:43 - reward: -0.0046
  196/10000 [..............................] - ETA: 10:43 - reward: -0.0046
  197/10000 [..............................] - ETA: 10:44 - reward: -0.0046
  198/10000 [..............................] - ETA: 10:44 - reward: -0.0047
  199/10000 [..............................] - ETA: 10:45 - reward: -0.0047
  200/10000 [..............................] - ETA: 10:45 - reward: -0.0047
  201/10000 [..............................] - ETA: 10:45 - reward: -0.0047
  202/10000 [..............................] - ETA: 10:45 - reward: -0.0048
  203/10000 [..............................] - ETA: 10:45 - reward: -0.0048
  204/10000 [..............................] - ETA: 10:45 - reward: -0.0048
  205/10000 [..............................] - ETA: 10:44 - reward: -0.0049
  206/10000 [..............................] - ETA: 10:44 - reward: -0.0049
  207/10000 [..............................] - ETA: 10:43 - reward: -0.0049
  208/10000 [..............................] - ETA: 10:43 - reward: -0.0050
  209/10000 [..............................] - ETA: 10:42 - reward: -0.0050
  210/10000 [..............................] - ETA: 10:41 - reward: -0.0050
  211/10000 [..............................] - ETA: 10:40 - reward: -0.0051
  212/10000 [..............................] - ETA: 10:39 - reward: -0.0051
  213/10000 [..............................] - ETA: 10:38 - reward: -0.0051
  214/10000 [..............................] - ETA: 10:36 - reward: -0.0052
  215/10000 [..............................] - ETA: 10:35 - reward: -0.0052
  216/10000 [..............................] - ETA: 10:34 - reward: -0.0053
  217/10000 [..............................] - ETA: 10:33 - reward: -0.0053
  218/10000 [..............................] - ETA: 10:31 - reward: -0.0053
  219/10000 [..............................] - ETA: 10:30 - reward: -0.0054
  220/10000 [..............................] - ETA: 10:29 - reward: -0.0054
  221/10000 [..............................] - ETA: 10:27 - reward: -0.0055
  222/10000 [..............................] - ETA: 10:25 - reward: -0.0055
  223/10000 [..............................] - ETA: 10:24 - reward: -0.0056
  224/10000 [..............................] - ETA: 10:23 - reward: -0.0056
  225/10000 [..............................] - ETA: 10:22 - reward: -0.0057
  226/10000 [..............................] - ETA: 10:21 - reward: -0.0057
  227/10000 [..............................] - ETA: 10:20 - reward: -0.0058
  228/10000 [..............................] - ETA: 10:20 - reward: -0.0058
  229/10000 [..............................] - ETA: 10:19 - reward: -0.0059
  230/10000 [..............................] - ETA: 10:19 - reward: -0.0059
  231/10000 [..............................] - ETA: 10:19 - reward: -0.0060
  232/10000 [..............................] - ETA: 10:18 - reward: -0.0060
  233/10000 [..............................] - ETA: 10:16 - reward: -0.0061
  234/10000 [..............................] - ETA: 10:15 - reward: -0.0061
  235/10000 [..............................] - ETA: 10:13 - reward: -0.0062
  236/10000 [..............................] - ETA: 10:11 - reward: -0.0062
  237/10000 [..............................] - ETA: 10:09 - reward: -0.0063
  238/10000 [..............................] - ETA: 10:08 - reward: -0.0063
  239/10000 [..............................] - ETA: 10:06 - reward: -0.0064
  240/10000 [..............................] - ETA: 10:04 - reward: -0.0064
  241/10000 [..............................] - ETA: 10:02 - reward: -0.0065
  242/10000 [..............................] - ETA: 10:01 - reward: -0.0066
  243/10000 [..............................] - ETA: 9:59 - reward: -0.0066 
  244/10000 [..............................] - ETA: 10:03 - reward: -0.0066
  245/10000 [..............................] - ETA: 10:03 - reward: -0.0066
  246/10000 [..............................] - ETA: 10:02 - reward: -0.0065
  247/10000 [..............................] - ETA: 10:03 - reward: -0.0065
  248/10000 [..............................] - ETA: 10:04 - reward: -0.0064
  249/10000 [..............................] - ETA: 10:08 - reward: -0.0064
  250/10000 [..............................] - ETA: 10:09 - reward: -0.0063
  251/10000 [..............................] - ETA: 10:10 - reward: -0.0063
  252/10000 [..............................] - ETA: 10:11 - reward: -0.0063
  253/10000 [..............................] - ETA: 10:12 - reward: -0.0062
  254/10000 [..............................] - ETA: 10:13 - reward: -0.0062
  255/10000 [..............................] - ETA: 10:14 - reward: -0.0061
  256/10000 [..............................] - ETA: 10:16 - reward: -0.0061
  257/10000 [..............................] - ETA: 10:17 - reward: -0.0061
  258/10000 [..............................] - ETA: 10:18 - reward: -0.0060
  259/10000 [..............................] - ETA: 10:19 - reward: -0.0060
  260/10000 [..............................] - ETA: 10:20 - reward: -0.0059
  261/10000 [..............................] - ETA: 10:21 - reward: -0.0059
  262/10000 [..............................] - ETA: 10:22 - reward: -0.0058
  263/10000 [..............................] - ETA: 10:23 - reward: -0.0058
  264/10000 [..............................] - ETA: 10:24 - reward: -0.0058
  265/10000 [..............................] - ETA: 10:25 - reward: -0.0057
  266/10000 [..............................] - ETA: 10:27 - reward: -0.0057
  267/10000 [..............................] - ETA: 10:28 - reward: -0.0057
  268/10000 [..............................] - ETA: 10:29 - reward: -0.0057
  269/10000 [..............................] - ETA: 10:30 - reward: -0.0057
  270/10000 [..............................] - ETA: 10:31 - reward: -0.0056
  271/10000 [..............................] - ETA: 10:31 - reward: -0.0056
  272/10000 [..............................] - ETA: 10:32 - reward: -0.0056
  273/10000 [..............................] - ETA: 10:33 - reward: -0.0056
  274/10000 [..............................] - ETA: 10:34 - reward: -0.0056
  275/10000 [..............................] - ETA: 10:35 - reward: -0.0056
  276/10000 [..............................] - ETA: 10:35 - reward: -0.0056
  277/10000 [..............................] - ETA: 10:36 - reward: -0.0055
  278/10000 [..............................] - ETA: 10:37 - reward: -0.0055
  279/10000 [..............................] - ETA: 10:37 - reward: -0.0055
  280/10000 [..............................] - ETA: 10:38 - reward: -0.0055
  281/10000 [..............................] - ETA: 10:38 - reward: -0.0055
  282/10000 [..............................] - ETA: 10:38 - reward: -0.0055
  283/10000 [..............................] - ETA: 10:39 - reward: -0.0055
  284/10000 [..............................] - ETA: 10:40 - reward: -0.0055
  285/10000 [..............................] - ETA: 10:40 - reward: -0.0055
  286/10000 [..............................] - ETA: 10:41 - reward: -0.0055
  287/10000 [..............................] - ETA: 10:41 - reward: -0.0054
  288/10000 [..............................] - ETA: 10:42 - reward: -0.0054
  289/10000 [..............................] - ETA: 10:42 - reward: -0.0054
  290/10000 [..............................] - ETA: 10:42 - reward: -0.0054
  291/10000 [..............................] - ETA: 10:43 - reward: -0.0054
  292/10000 [..............................] - ETA: 10:43 - reward: -0.0054
  293/10000 [..............................] - ETA: 10:44 - reward: -0.0054
  294/10000 [..............................] - ETA: 10:44 - reward: -0.0054
  295/10000 [..............................] - ETA: 10:45 - reward: -0.0054
  296/10000 [..............................] - ETA: 10:45 - reward: -0.0054
  297/10000 [..............................] - ETA: 10:46 - reward: -0.0054
  298/10000 [..............................] - ETA: 10:46 - reward: -0.0054
  299/10000 [..............................] - ETA: 10:47 - reward: -0.0054
  300/10000 [..............................] - ETA: 10:47 - reward: -0.0054
  301/10000 [..............................] - ETA: 10:47 - reward: -0.0054
  302/10000 [..............................] - ETA: 10:47 - reward: -0.0054
  303/10000 [..............................] - ETA: 10:47 - reward: -0.0054
  304/10000 [..............................] - ETA: 10:48 - reward: -0.0054
  305/10000 [..............................] - ETA: 10:48 - reward: -0.0054
  306/10000 [..............................] - ETA: 10:49 - reward: -0.0054
  307/10000 [..............................] - ETA: 10:49 - reward: -0.0054
  308/10000 [..............................] - ETA: 10:49 - reward: -0.0054
  309/10000 [..............................] - ETA: 10:49 - reward: -0.0054
  310/10000 [..............................] - ETA: 10:49 - reward: -0.0054
  311/10000 [..............................] - ETA: 10:50 - reward: -0.0054
  312/10000 [..............................] - ETA: 10:50 - reward: -0.0054
  313/10000 [..............................] - ETA: 10:49 - reward: -0.0055
  314/10000 [..............................] - ETA: 10:49 - reward: -0.0055
  315/10000 [..............................] - ETA: 10:49 - reward: -0.0055
  316/10000 [..............................] - ETA: 10:50 - reward: -0.0055
  317/10000 [..............................] - ETA: 10:50 - reward: -0.0055
  318/10000 [..............................] - ETA: 10:50 - reward: -0.0055
  319/10000 [..............................] - ETA: 10:50 - reward: -0.0055
  320/10000 [..............................] - ETA: 10:50 - reward: -0.0055
  321/10000 [..............................] - ETA: 10:50 - reward: -0.0055
  322/10000 [..............................] - ETA: 10:50 - reward: -0.0056
  323/10000 [..............................] - ETA: 10:49 - reward: -0.0056
  324/10000 [..............................] - ETA: 10:49 - reward: -0.0056
  325/10000 [..............................] - ETA: 10:49 - reward: -0.0056
  326/10000 [..............................] - ETA: 10:48 - reward: -0.0056
  327/10000 [..............................] - ETA: 10:48 - reward: -0.0056
  328/10000 [..............................] - ETA: 10:47 - reward: -0.0057
  329/10000 [..............................] - ETA: 10:47 - reward: -0.0057
  330/10000 [..............................] - ETA: 10:46 - reward: -0.0057
  331/10000 [..............................] - ETA: 10:45 - reward: -0.0057
  332/10000 [..............................] - ETA: 10:45 - reward: -0.0058
  333/10000 [..............................] - ETA: 10:44 - reward: -0.0058
  334/10000 [>.............................] - ETA: 10:43 - reward: -0.0058
  335/10000 [>.............................] - ETA: 10:42 - reward: -0.0058
  336/10000 [>.............................] - ETA: 10:41 - reward: -0.0059
  337/10000 [>.............................] - ETA: 10:41 - reward: -0.0059
  338/10000 [>.............................] - ETA: 10:40 - reward: -0.0059
  339/10000 [>.............................] - ETA: 10:39 - reward: -0.0059
  340/10000 [>.............................] - ETA: 10:38 - reward: -0.0060
  341/10000 [>.............................] - ETA: 10:37 - reward: -0.0060
  342/10000 [>.............................] - ETA: 10:36 - reward: -0.0060
  343/10000 [>.............................] - ETA: 10:35 - reward: -0.0061
  344/10000 [>.............................] - ETA: 10:34 - reward: -0.0061
  345/10000 [>.............................] - ETA: 10:33 - reward: -0.0061
  346/10000 [>.............................] - ETA: 10:32 - reward: -0.0062
  347/10000 [>.............................] - ETA: 10:30 - reward: -0.0062
  348/10000 [>.............................] - ETA: 10:29 - reward: -0.0062
  349/10000 [>.............................] - ETA: 10:28 - reward: -0.0063
  350/10000 [>.............................] - ETA: 10:27 - reward: -0.0063
  351/10000 [>.............................] - ETA: 10:25 - reward: -0.0064
  352/10000 [>.............................] - ETA: 10:24 - reward: -0.0064
  353/10000 [>.............................] - ETA: 10:23 - reward: -0.0064
  354/10000 [>.............................] - ETA: 10:21 - reward: -0.0065
  355/10000 [>.............................] - ETA: 10:20 - reward: -0.0065
  356/10000 [>.............................] - ETA: 10:19 - reward: -0.0066
  357/10000 [>.............................] - ETA: 10:18 - reward: -0.0066
  358/10000 [>.............................] - ETA: 10:16 - reward: -0.0066
  359/10000 [>.............................] - ETA: 10:15 - reward: -0.0067
  360/10000 [>.............................] - ETA: 10:14 - reward: -0.0067
  361/10000 [>.............................] - ETA: 10:16 - reward: -0.0067
  362/10000 [>.............................] - ETA: 10:16 - reward: -0.0067
  363/10000 [>.............................] - ETA: 10:15 - reward: -0.0066
  364/10000 [>.............................] - ETA: 10:18 - reward: -0.0066
  365/10000 [>.............................] - ETA: 10:18 - reward: -0.0066
  366/10000 [>.............................] - ETA: 10:21 - reward: -0.0065
  367/10000 [>.............................] - ETA: 10:22 - reward: -0.0065
  368/10000 [>.............................] - ETA: 10:23 - reward: -0.0065
  369/10000 [>.............................] - ETA: 10:24 - reward: -0.0064
  370/10000 [>.............................] - ETA: 10:25 - reward: -0.0064
  371/10000 [>.............................] - ETA: 10:26 - reward: -0.0064
  372/10000 [>.............................] - ETA: 10:27 - reward: -0.0063
  373/10000 [>.............................] - ETA: 10:29 - reward: -0.0063
  374/10000 [>.............................] - ETA: 10:32 - reward: -0.0063
  375/10000 [>.............................] - ETA: 10:33 - reward: -0.0062
  376/10000 [>.............................] - ETA: 10:35 - reward: -0.0062
  377/10000 [>.............................] - ETA: 10:36 - reward: -0.0062
  378/10000 [>.............................] - ETA: 10:37 - reward: -0.0061
  379/10000 [>.............................] - ETA: 10:38 - reward: -0.0061
  380/10000 [>.............................] - ETA: 10:39 - reward: -0.0061
  381/10000 [>.............................] - ETA: 10:41 - reward: -0.0061
  382/10000 [>.............................] - ETA: 10:42 - reward: -0.0061
  383/10000 [>.............................] - ETA: 10:42 - reward: -0.0061
  384/10000 [>.............................] - ETA: 10:43 - reward: -0.0061
  385/10000 [>.............................] - ETA: 10:44 - reward: -0.0060
  386/10000 [>.............................] - ETA: 10:45 - reward: -0.0060
  387/10000 [>.............................] - ETA: 10:45 - reward: -0.0060
  388/10000 [>.............................] - ETA: 10:46 - reward: -0.0060
  389/10000 [>.............................] - ETA: 10:46 - reward: -0.0060
  390/10000 [>.............................] - ETA: 10:47 - reward: -0.0060
  391/10000 [>.............................] - ETA: 10:47 - reward: -0.0060
  392/10000 [>.............................] - ETA: 10:47 - reward: -0.0060
  393/10000 [>.............................] - ETA: 10:47 - reward: -0.0060
  394/10000 [>.............................] - ETA: 10:48 - reward: -0.0059
  395/10000 [>.............................] - ETA: 10:48 - reward: -0.0059
  396/10000 [>.............................] - ETA: 10:49 - reward: -0.0059
  397/10000 [>.............................] - ETA: 10:50 - reward: -0.0059
  398/10000 [>.............................] - ETA: 10:51 - reward: -0.0059
  399/10000 [>.............................] - ETA: 10:52 - reward: -0.0059
  400/10000 [>.............................] - ETA: 10:52 - reward: -0.0059
  401/10000 [>.............................] - ETA: 10:53 - reward: -0.0059
  402/10000 [>.............................] - ETA: 10:54 - reward: -0.0059
  403/10000 [>.............................] - ETA: 10:55 - reward: -0.0058
  404/10000 [>.............................] - ETA: 10:56 - reward: -0.0058
  405/10000 [>.............................] - ETA: 10:57 - reward: -0.0058
  406/10000 [>.............................] - ETA: 10:58 - reward: -0.0058
  407/10000 [>.............................] - ETA: 10:59 - reward: -0.0058
  408/10000 [>.............................] - ETA: 11:00 - reward: -0.0058
  409/10000 [>.............................] - ETA: 11:01 - reward: -0.0058
  410/10000 [>.............................] - ETA: 11:02 - reward: -0.0058
  411/10000 [>.............................] - ETA: 11:03 - reward: -0.0058
  412/10000 [>.............................] - ETA: 11:04 - reward: -0.0058
  413/10000 [>.............................] - ETA: 11:05 - reward: -0.0058
  414/10000 [>.............................] - ETA: 11:06 - reward: -0.0058
  415/10000 [>.............................] - ETA: 11:06 - reward: -0.0058
  416/10000 [>.............................] - ETA: 11:07 - reward: -0.0058
  417/10000 [>.............................] - ETA: 11:08 - reward: -0.0058
  418/10000 [>.............................] - ETA: 11:09 - reward: -0.0058
  419/10000 [>.............................] - ETA: 11:10 - reward: -0.0058
  420/10000 [>.............................] - ETA: 11:10 - reward: -0.0058
  421/10000 [>.............................] - ETA: 11:11 - reward: -0.0058
  422/10000 [>.............................] - ETA: 11:11 - reward: -0.0058
  423/10000 [>.............................] - ETA: 11:11 - reward: -0.0058
  424/10000 [>.............................] - ETA: 11:12 - reward: -0.0058
  425/10000 [>.............................] - ETA: 11:12 - reward: -0.0058
  426/10000 [>.............................] - ETA: 11:12 - reward: -0.0058
  427/10000 [>.............................] - ETA: 11:13 - reward: -0.0058
  428/10000 [>.............................] - ETA: 11:13 - reward: -0.0058
  429/10000 [>.............................] - ETA: 11:13 - reward: -0.0058
  430/10000 [>.............................] - ETA: 11:13 - reward: -0.0058
  431/10000 [>.............................] - ETA: 11:14 - reward: -0.0058
  432/10000 [>.............................] - ETA: 11:14 - reward: -0.0058
  433/10000 [>.............................] - ETA: 11:14 - reward: -0.0058
  434/10000 [>.............................] - ETA: 11:14 - reward: -0.0058
  435/10000 [>.............................] - ETA: 11:14 - reward: -0.0059
  436/10000 [>.............................] - ETA: 11:14 - reward: -0.0059
  437/10000 [>.............................] - ETA: 11:14 - reward: -0.0059
  438/10000 [>.............................] - ETA: 11:14 - reward: -0.0059
  439/10000 [>.............................] - ETA: 11:14 - reward: -0.0059
  440/10000 [>.............................] - ETA: 11:15 - reward: -0.0059
  441/10000 [>.............................] - ETA: 11:15 - reward: -0.0059
  442/10000 [>.............................] - ETA: 11:14 - reward: -0.0059
  443/10000 [>.............................] - ETA: 11:14 - reward: -0.0059
  444/10000 [>.............................] - ETA: 11:14 - reward: -0.0059
  445/10000 [>.............................] - ETA: 11:14 - reward: -0.0060
  446/10000 [>.............................] - ETA: 11:14 - reward: -0.0060
  447/10000 [>.............................] - ETA: 11:14 - reward: -0.0060
  448/10000 [>.............................] - ETA: 11:14 - reward: -0.0060
  449/10000 [>.............................] - ETA: 11:14 - reward: -0.0060
  450/10000 [>.............................] - ETA: 11:13 - reward: -0.0060
  451/10000 [>.............................] - ETA: 11:13 - reward: -0.0060
  452/10000 [>.............................] - ETA: 11:13 - reward: -0.0061
  453/10000 [>.............................] - ETA: 11:12 - reward: -0.0061
  454/10000 [>.............................] - ETA: 11:12 - reward: -0.0061
  455/10000 [>.............................] - ETA: 11:12 - reward: -0.0061
  456/10000 [>.............................] - ETA: 11:11 - reward: -0.0061
  457/10000 [>.............................] - ETA: 11:11 - reward: -0.0062
  458/10000 [>.............................] - ETA: 11:10 - reward: -0.0062
  459/10000 [>.............................] - ETA: 11:10 - reward: -0.0062
  460/10000 [>.............................] - ETA: 11:09 - reward: -0.0062
  461/10000 [>.............................] - ETA: 11:09 - reward: -0.0062
  462/10000 [>.............................] - ETA: 11:08 - reward: -0.0063
  463/10000 [>.............................] - ETA: 11:08 - reward: -0.0063
  464/10000 [>.............................] - ETA: 11:07 - reward: -0.0063
  465/10000 [>.............................] - ETA: 11:06 - reward: -0.0063
  466/10000 [>.............................] - ETA: 11:06 - reward: -0.0064
  467/10000 [>.............................] - ETA: 11:05 - reward: -0.0064
  468/10000 [>.............................] - ETA: 11:04 - reward: -0.0064
  469/10000 [>.............................] - ETA: 11:03 - reward: -0.0064
  470/10000 [>.............................] - ETA: 11:02 - reward: -0.0065
  471/10000 [>.............................] - ETA: 11:01 - reward: -0.0065
  472/10000 [>.............................] - ETA: 11:00 - reward: -0.0065
  473/10000 [>.............................] - ETA: 10:59 - reward: -0.0066
  474/10000 [>.............................] - ETA: 10:58 - reward: -0.0066
  475/10000 [>.............................] - ETA: 10:57 - reward: -0.0066
  476/10000 [>.............................] - ETA: 10:56 - reward: -0.0066
  477/10000 [>.............................] - ETA: 10:55 - reward: -0.0067
  478/10000 [>.............................] - ETA: 10:54 - reward: -0.0067
  479/10000 [>.............................] - ETA: 10:53 - reward: -0.0067
  480/10000 [>.............................] - ETA: 10:55 - reward: -0.0067
  481/10000 [>.............................] - ETA: 10:54 - reward: -0.0067
  482/10000 [>.............................] - ETA: 10:54 - reward: -0.0067
  483/10000 [>.............................] - ETA: 10:54 - reward: -0.0066
  484/10000 [>.............................] - ETA: 10:56 - reward: -0.0066
  485/10000 [>.............................] - ETA: 10:57 - reward: -0.0066
  486/10000 [>.............................] - ETA: 10:57 - reward: -0.0066
  487/10000 [>.............................] - ETA: 10:58 - reward: -0.0065
  488/10000 [>.............................] - ETA: 10:58 - reward: -0.0065
  489/10000 [>.............................] - ETA: 10:59 - reward: -0.0065
  490/10000 [>.............................] - ETA: 11:03 - reward: -0.0065
  491/10000 [>.............................] - ETA: 11:06 - reward: -0.0064
  492/10000 [>.............................] - ETA: 11:08 - reward: -0.0064
  493/10000 [>.............................] - ETA: 11:09 - reward: -0.0064
  494/10000 [>.............................] - ETA: 11:10 - reward: -0.0064
  495/10000 [>.............................] - ETA: 11:11 - reward: -0.0063
  496/10000 [>.............................] - ETA: 11:13 - reward: -0.0063
  497/10000 [>.............................] - ETA: 11:14 - reward: -0.0063
  498/10000 [>.............................] - ETA: 11:15 - reward: -0.0063
  499/10000 [>.............................] - ETA: 11:16 - reward: -0.0063
  500/10000 [>.............................] - ETA: 11:17 - reward: -0.0062
  501/10000 [>.............................] - ETA: 11:18 - reward: -0.0062
  502/10000 [>.............................] - ETA: 11:19 - reward: -0.0062
  503/10000 [>.............................] - ETA: 11:19 - reward: -0.0062
  504/10000 [>.............................] - ETA: 11:19 - reward: -0.0062
  505/10000 [>.............................] - ETA: 11:19 - reward: -0.0062
  506/10000 [>.............................] - ETA: 11:19 - reward: -0.0062
  507/10000 [>.............................] - ETA: 11:19 - reward: -0.0062
  508/10000 [>.............................] - ETA: 11:19 - reward: -0.0062
  509/10000 [>.............................] - ETA: 11:19 - reward: -0.0061
  510/10000 [>.............................] - ETA: 11:20 - reward: -0.0061
  511/10000 [>.............................] - ETA: 11:20 - reward: -0.0061
  512/10000 [>.............................] - ETA: 11:21 - reward: -0.0061
  513/10000 [>.............................] - ETA: 11:22 - reward: -0.0061
  514/10000 [>.............................] - ETA: 11:24 - reward: -0.0061
  515/10000 [>.............................] - ETA: 11:25 - reward: -0.0061
  516/10000 [>.............................] - ETA: 11:26 - reward: -0.0060
  517/10000 [>.............................] - ETA: 11:27 - reward: -0.0060
  518/10000 [>.............................] - ETA: 11:29 - reward: -0.0060
  519/10000 [>.............................] - ETA: 11:30 - reward: -0.0060
  520/10000 [>.............................] - ETA: 11:32 - reward: -0.0060
  521/10000 [>.............................] - ETA: 11:33 - reward: -0.0060
  522/10000 [>.............................] - ETA: 11:35 - reward: -0.0060
  523/10000 [>.............................] - ETA: 11:36 - reward: -0.0060
  524/10000 [>.............................] - ETA: 11:38 - reward: -0.0060
  525/10000 [>.............................] - ETA: 11:39 - reward: -0.0060
  526/10000 [>.............................] - ETA: 11:40 - reward: -0.0060
  527/10000 [>.............................] - ETA: 11:42 - reward: -0.0060
  528/10000 [>.............................] - ETA: 11:44 - reward: -0.0060
  529/10000 [>.............................] - ETA: 11:44 - reward: -0.0060
  530/10000 [>.............................] - ETA: 11:45 - reward: -0.0060
  531/10000 [>.............................] - ETA: 11:46 - reward: -0.0060
  532/10000 [>.............................] - ETA: 11:47 - reward: -0.0060
  533/10000 [>.............................] - ETA: 11:48 - reward: -0.0060
  534/10000 [>.............................] - ETA: 11:48 - reward: -0.0060
  535/10000 [>.............................] - ETA: 11:49 - reward: -0.0060
  536/10000 [>.............................] - ETA: 11:50 - reward: -0.0060
  537/10000 [>.............................] - ETA: 11:51 - reward: -0.0060
  538/10000 [>.............................] - ETA: 11:51 - reward: -0.0060
  539/10000 [>.............................] - ETA: 11:52 - reward: -0.0060
  540/10000 [>.............................] - ETA: 11:52 - reward: -0.0060
  541/10000 [>.............................] - ETA: 11:53 - reward: -0.0060
  542/10000 [>.............................] - ETA: 11:53 - reward: -0.0060
  543/10000 [>.............................] - ETA: 11:54 - reward: -0.0060
  544/10000 [>.............................] - ETA: 11:54 - reward: -0.0060
  545/10000 [>.............................] - ETA: 11:55 - reward: -0.0060
  546/10000 [>.............................] - ETA: 11:55 - reward: -0.0060
  547/10000 [>.............................] - ETA: 11:55 - reward: -0.0060
  548/10000 [>.............................] - ETA: 11:55 - reward: -0.0060
  549/10000 [>.............................] - ETA: 11:56 - reward: -0.0060
  550/10000 [>.............................] - ETA: 11:56 - reward: -0.0060
  551/10000 [>.............................] - ETA: 11:56 - reward: -0.0060
  552/10000 [>.............................] - ETA: 11:56 - reward: -0.0060
  553/10000 [>.............................] - ETA: 11:56 - reward: -0.0060
  554/10000 [>.............................] - ETA: 11:56 - reward: -0.0060
  555/10000 [>.............................] - ETA: 11:56 - reward: -0.0060
  556/10000 [>.............................] - ETA: 11:56 - reward: -0.0060
  557/10000 [>.............................] - ETA: 11:56 - reward: -0.0060
  558/10000 [>.............................] - ETA: 11:56 - reward: -0.0060
  559/10000 [>.............................] - ETA: 11:56 - reward: -0.0060
  560/10000 [>.............................] - ETA: 11:56 - reward: -0.0060
  561/10000 [>.............................] - ETA: 11:56 - reward: -0.0060
  562/10000 [>.............................] - ETA: 11:56 - reward: -0.0060
  563/10000 [>.............................] - ETA: 11:56 - reward: -0.0060
  564/10000 [>.............................] - ETA: 11:56 - reward: -0.0060
  565/10000 [>.............................] - ETA: 11:55 - reward: -0.0060
  566/10000 [>.............................] - ETA: 11:55 - reward: -0.0061
  567/10000 [>.............................] - ETA: 11:55 - reward: -0.0061
  568/10000 [>.............................] - ETA: 11:55 - reward: -0.0061
  569/10000 [>.............................] - ETA: 11:54 - reward: -0.0061
  570/10000 [>.............................] - ETA: 11:54 - reward: -0.0061
  571/10000 [>.............................] - ETA: 11:54 - reward: -0.0061
  572/10000 [>.............................] - ETA: 11:54 - reward: -0.0061
  573/10000 [>.............................] - ETA: 11:53 - reward: -0.0061
  574/10000 [>.............................] - ETA: 11:53 - reward: -0.0061
  575/10000 [>.............................] - ETA: 11:52 - reward: -0.0062
  576/10000 [>.............................] - ETA: 11:52 - reward: -0.0062
  577/10000 [>.............................] - ETA: 11:52 - reward: -0.0062
  578/10000 [>.............................] - ETA: 11:51 - reward: -0.0062
  579/10000 [>.............................] - ETA: 11:51 - reward: -0.0062
  580/10000 [>.............................] - ETA: 11:50 - reward: -0.0062
  581/10000 [>.............................] - ETA: 11:49 - reward: -0.0062
  582/10000 [>.............................] - ETA: 11:49 - reward: -0.0063
  583/10000 [>.............................] - ETA: 11:48 - reward: -0.0063
  584/10000 [>.............................] - ETA: 11:48 - reward: -0.0063
  585/10000 [>.............................] - ETA: 11:47 - reward: -0.0063
  586/10000 [>.............................] - ETA: 11:46 - reward: -0.0063
  587/10000 [>.............................] - ETA: 11:45 - reward: -0.0063
  588/10000 [>.............................] - ETA: 11:45 - reward: -0.0064
  589/10000 [>.............................] - ETA: 11:44 - reward: -0.0064
  590/10000 [>.............................] - ETA: 11:43 - reward: -0.0064
  591/10000 [>.............................] - ETA: 11:42 - reward: -0.0064
  592/10000 [>.............................] - ETA: 11:42 - reward: -0.0065
  593/10000 [>.............................] - ETA: 11:41 - reward: -0.0065
  594/10000 [>.............................] - ETA: 11:40 - reward: -0.0065
  595/10000 [>.............................] - ETA: 11:39 - reward: -0.0065
  596/10000 [>.............................] - ETA: 11:38 - reward: -0.0065
  597/10000 [>.............................] - ETA: 11:37 - reward: -0.0066
  598/10000 [>.............................] - ETA: 11:36 - reward: -0.0066
  599/10000 [>.............................] - ETA: 11:35 - reward: -0.0066
  600/10000 [>.............................] - ETA: 11:34 - reward: -0.0066
  601/10000 [>.............................] - ETA: 11:34 - reward: -0.0067
  602/10000 [>.............................] - ETA: 11:33 - reward: -0.0067
  603/10000 [>.............................] - ETA: 11:32 - reward: -0.0067
  604/10000 [>.............................] - ETA: 11:33 - reward: -0.0067
  605/10000 [>.............................] - ETA: 11:33 - reward: -0.0067
  606/10000 [>.............................] - ETA: 11:32 - reward: -0.0067
  607/10000 [>.............................] - ETA: 11:33 - reward: -0.0066
  608/10000 [>.............................] - ETA: 11:34 - reward: -0.0066
  609/10000 [>.............................] - ETA: 11:34 - reward: -0.0066
  610/10000 [>.............................] - ETA: 11:35 - reward: -0.0066
  611/10000 [>.............................] - ETA: 11:35 - reward: -0.0066
  612/10000 [>.............................] - ETA: 11:35 - reward: -0.0065
  613/10000 [>.............................] - ETA: 11:36 - reward: -0.0065
  614/10000 [>.............................] - ETA: 11:36 - reward: -0.0065
  615/10000 [>.............................] - ETA: 11:37 - reward: -0.0065
  616/10000 [>.............................] - ETA: 11:39 - reward: -0.0065
  617/10000 [>.............................] - ETA: 11:40 - reward: -0.0064
  618/10000 [>.............................] - ETA: 11:40 - reward: -0.0064
  619/10000 [>.............................] - ETA: 11:41 - reward: -0.0064
  620/10000 [>.............................] - ETA: 11:42 - reward: -0.0064
  621/10000 [>.............................] - ETA: 11:43 - reward: -0.0064
  622/10000 [>.............................] - ETA: 11:44 - reward: -0.0063
  623/10000 [>.............................] - ETA: 11:45 - reward: -0.0063
  624/10000 [>.............................] - ETA: 11:46 - reward: -0.0063
  625/10000 [>.............................] - ETA: 11:46 - reward: -0.0063
  626/10000 [>.............................] - ETA: 11:47 - reward: -0.0063
  627/10000 [>.............................] - ETA: 11:47 - reward: -0.0063
  628/10000 [>.............................] - ETA: 11:48 - reward: -0.0063
  629/10000 [>.............................] - ETA: 11:48 - reward: -0.0063
  630/10000 [>.............................] - ETA: 11:48 - reward: -0.0063
  631/10000 [>.............................] - ETA: 11:48 - reward: -0.0063
  632/10000 [>.............................] - ETA: 11:48 - reward: -0.0062
  633/10000 [>.............................] - ETA: 11:48 - reward: -0.0062
  634/10000 [>.............................] - ETA: 11:48 - reward: -0.0062
  635/10000 [>.............................] - ETA: 11:48 - reward: -0.0062
  636/10000 [>.............................] - ETA: 11:48 - reward: -0.0062
  637/10000 [>.............................] - ETA: 11:49 - reward: -0.0062
  638/10000 [>.............................] - ETA: 11:49 - reward: -0.0062
  639/10000 [>.............................] - ETA: 11:50 - reward: -0.0062
  640/10000 [>.............................] - ETA: 11:50 - reward: -0.0062
  641/10000 [>.............................] - ETA: 11:51 - reward: -0.0062
  642/10000 [>.............................] - ETA: 11:52 - reward: -0.0062
  643/10000 [>.............................] - ETA: 11:52 - reward: -0.0061
  644/10000 [>.............................] - ETA: 11:53 - reward: -0.0061
  645/10000 [>.............................] - ETA: 11:54 - reward: -0.0061
  646/10000 [>.............................] - ETA: 11:54 - reward: -0.0061
  647/10000 [>.............................] - ETA: 11:55 - reward: -0.0061
  648/10000 [>.............................] - ETA: 11:56 - reward: -0.0061
  649/10000 [>.............................] - ETA: 11:56 - reward: -0.0061
  650/10000 [>.............................] - ETA: 11:57 - reward: -0.0061
  651/10000 [>.............................] - ETA: 11:58 - reward: -0.0061
  652/10000 [>.............................] - ETA: 11:58 - reward: -0.0061
  653/10000 [>.............................] - ETA: 11:59 - reward: -0.0061
  654/10000 [>.............................] - ETA: 11:59 - reward: -0.0061
  655/10000 [>.............................] - ETA: 12:00 - reward: -0.0061
  656/10000 [>.............................] - ETA: 12:00 - reward: -0.0061
  657/10000 [>.............................] - ETA: 12:00 - reward: -0.0061
  658/10000 [>.............................] - ETA: 12:00 - reward: -0.0061
  659/10000 [>.............................] - ETA: 12:01 - reward: -0.0061
  660/10000 [>.............................] - ETA: 12:01 - reward: -0.0061
  661/10000 [>.............................] - ETA: 12:01 - reward: -0.0061
  662/10000 [>.............................] - ETA: 12:02 - reward: -0.0061
  663/10000 [>.............................] - ETA: 12:02 - reward: -0.0061
  664/10000 [>.............................] - ETA: 12:02 - reward: -0.0061
  665/10000 [>.............................] - ETA: 12:02 - reward: -0.0061
  666/10000 [>.............................] - ETA: 12:02 - reward: -0.0061
  667/10000 [=>............................] - ETA: 12:02 - reward: -0.0061
  668/10000 [=>............................] - ETA: 12:02 - reward: -0.0061
  669/10000 [=>............................] - ETA: 12:03 - reward: -0.0061
  670/10000 [=>............................] - ETA: 12:03 - reward: -0.0061
  671/10000 [=>............................] - ETA: 12:03 - reward: -0.0061
  672/10000 [=>............................] - ETA: 12:03 - reward: -0.0061
  673/10000 [=>............................] - ETA: 12:03 - reward: -0.0061
  674/10000 [=>............................] - ETA: 12:03 - reward: -0.0061
  675/10000 [=>............................] - ETA: 12:03 - reward: -0.0061
  676/10000 [=>............................] - ETA: 12:03 - reward: -0.0061
  677/10000 [=>............................] - ETA: 12:03 - reward: -0.0061
  678/10000 [=>............................] - ETA: 12:03 - reward: -0.0061
  679/10000 [=>............................] - ETA: 12:03 - reward: -0.0061
  680/10000 [=>............................] - ETA: 12:02 - reward: -0.0061
  681/10000 [=>............................] - ETA: 12:02 - reward: -0.0061
  682/10000 [=>............................] - ETA: 12:02 - reward: -0.0061
  683/10000 [=>............................] - ETA: 12:02 - reward: -0.0061
  684/10000 [=>............................] - ETA: 12:02 - reward: -0.0061
  685/10000 [=>............................] - ETA: 12:02 - reward: -0.0061
  686/10000 [=>............................] - ETA: 12:01 - reward: -0.0061
  687/10000 [=>............................] - ETA: 12:01 - reward: -0.0061
  688/10000 [=>............................] - ETA: 12:01 - reward: -0.0061
  689/10000 [=>............................] - ETA: 12:00 - reward: -0.0062
  690/10000 [=>............................] - ETA: 12:00 - reward: -0.0062
  691/10000 [=>............................] - ETA: 12:00 - reward: -0.0062
  692/10000 [=>............................] - ETA: 11:59 - reward: -0.0062
  693/10000 [=>............................] - ETA: 11:59 - reward: -0.0062
  694/10000 [=>............................] - ETA: 11:59 - reward: -0.0062
  695/10000 [=>............................] - ETA: 11:58 - reward: -0.0062
  696/10000 [=>............................] - ETA: 11:58 - reward: -0.0062
  697/10000 [=>............................] - ETA: 11:58 - reward: -0.0062
  698/10000 [=>............................] - ETA: 11:57 - reward: -0.0062
  699/10000 [=>............................] - ETA: 11:57 - reward: -0.0062
  700/10000 [=>............................] - ETA: 11:57 - reward: -0.0062
  701/10000 [=>............................] - ETA: 11:56 - reward: -0.0063
  702/10000 [=>............................] - ETA: 11:56 - reward: -0.0063
  703/10000 [=>............................] - ETA: 11:55 - reward: -0.0063
  704/10000 [=>............................] - ETA: 11:55 - reward: -0.0063
  705/10000 [=>............................] - ETA: 11:54 - reward: -0.0063
  706/10000 [=>............................] - ETA: 11:54 - reward: -0.0063
  707/10000 [=>............................] - ETA: 11:53 - reward: -0.0063
  708/10000 [=>............................] - ETA: 11:53 - reward: -0.0064
  709/10000 [=>............................] - ETA: 11:53 - reward: -0.0064
  710/10000 [=>............................] - ETA: 11:52 - reward: -0.0064
  711/10000 [=>............................] - ETA: 11:52 - reward: -0.0064
  712/10000 [=>............................] - ETA: 11:52 - reward: -0.0064
  713/10000 [=>............................] - ETA: 11:51 - reward: -0.0064
  714/10000 [=>............................] - ETA: 11:51 - reward: -0.0065
  715/10000 [=>............................] - ETA: 11:50 - reward: -0.0065
  716/10000 [=>............................] - ETA: 11:50 - reward: -0.0065
  717/10000 [=>............................] - ETA: 11:49 - reward: -0.0065
  718/10000 [=>............................] - ETA: 11:48 - reward: -0.0065
  719/10000 [=>............................] - ETA: 11:47 - reward: -0.0065
  720/10000 [=>............................] - ETA: 11:47 - reward: -0.0066
  721/10000 [=>............................] - ETA: 11:46 - reward: -0.0066
  722/10000 [=>............................] - ETA: 11:45 - reward: -0.0066
  723/10000 [=>............................] - ETA: 11:44 - reward: -0.0066
  724/10000 [=>............................] - ETA: 11:44 - reward: -0.0066
  725/10000 [=>............................] - ETA: 11:43 - reward: -0.0067
  726/10000 [=>............................] - ETA: 11:42 - reward: -0.0067
  727/10000 [=>............................] - ETA: 11:42 - reward: -0.0067
  728/10000 [=>............................] - ETA: 11:42 - reward: -0.0067
  729/10000 [=>............................] - ETA: 11:42 - reward: -0.0067
  730/10000 [=>............................] - ETA: 11:42 - reward: -0.0067
  731/10000 [=>............................] - ETA: 11:42 - reward: -0.0066
  732/10000 [=>............................] - ETA: 11:43 - reward: -0.0066
  733/10000 [=>............................] - ETA: 11:43 - reward: -0.0066
  734/10000 [=>............................] - ETA: 11:43 - reward: -0.0066
  735/10000 [=>............................] - ETA: 11:44 - reward: -0.0066
  736/10000 [=>............................] - ETA: 11:44 - reward: -0.0066
  737/10000 [=>............................] - ETA: 11:44 - reward: -0.0066
  738/10000 [=>............................] - ETA: 11:45 - reward: -0.0065
  739/10000 [=>............................] - ETA: 11:45 - reward: -0.0065
  740/10000 [=>............................] - ETA: 11:46 - reward: -0.0065
  741/10000 [=>............................] - ETA: 11:48 - reward: -0.0065
  742/10000 [=>............................] - ETA: 11:48 - reward: -0.0065
  743/10000 [=>............................] - ETA: 11:49 - reward: -0.0065
  744/10000 [=>............................] - ETA: 11:49 - reward: -0.0064
  745/10000 [=>............................] - ETA: 11:50 - reward: -0.0064
  746/10000 [=>............................] - ETA: 11:50 - reward: -0.0064
  747/10000 [=>............................] - ETA: 11:51 - reward: -0.0064
  748/10000 [=>............................] - ETA: 11:52 - reward: -0.0064
  749/10000 [=>............................] - ETA: 11:52 - reward: -0.0064
  750/10000 [=>............................] - ETA: 11:53 - reward: -0.0064
  751/10000 [=>............................] - ETA: 11:53 - reward: -0.0063
  752/10000 [=>............................] - ETA: 11:53 - reward: -0.0063
  753/10000 [=>............................] - ETA: 11:53 - reward: -0.0063
  754/10000 [=>............................] - ETA: 11:53 - reward: -0.0063
  755/10000 [=>............................] - ETA: 11:53 - reward: -0.0063
  756/10000 [=>............................] - ETA: 11:52 - reward: -0.0063
  757/10000 [=>............................] - ETA: 11:52 - reward: -0.0063
  758/10000 [=>............................] - ETA: 11:52 - reward: -0.0063
  759/10000 [=>............................] - ETA: 11:53 - reward: -0.0063
  760/10000 [=>............................] - ETA: 11:53 - reward: -0.0063
  761/10000 [=>............................] - ETA: 11:53 - reward: -0.0063
  762/10000 [=>............................] - ETA: 11:54 - reward: -0.0063
  763/10000 [=>............................] - ETA: 11:54 - reward: -0.0062
  764/10000 [=>............................] - ETA: 11:55 - reward: -0.0062
  765/10000 [=>............................] - ETA: 11:56 - reward: -0.0062
  766/10000 [=>............................] - ETA: 11:57 - reward: -0.0062
  767/10000 [=>............................] - ETA: 11:58 - reward: -0.0062
  768/10000 [=>............................] - ETA: 11:59 - reward: -0.0062
  769/10000 [=>............................] - ETA: 12:00 - reward: -0.0062
  770/10000 [=>............................] - ETA: 12:01 - reward: -0.0062
  771/10000 [=>............................] - ETA: 12:02 - reward: -0.0062
  772/10000 [=>............................] - ETA: 12:02 - reward: -0.0062
  773/10000 [=>............................] - ETA: 12:03 - reward: -0.0062
  774/10000 [=>............................] - ETA: 12:04 - reward: -0.0062
  775/10000 [=>............................] - ETA: 12:05 - reward: -0.0062
  776/10000 [=>............................] - ETA: 12:06 - reward: -0.0062
  777/10000 [=>............................] - ETA: 12:06 - reward: -0.0062
  778/10000 [=>............................] - ETA: 12:07 - reward: -0.0062
  779/10000 [=>............................] - ETA: 12:08 - reward: -0.0062
  780/10000 [=>............................] - ETA: 12:08 - reward: -0.0062
  781/10000 [=>............................] - ETA: 12:09 - reward: -0.0062
  782/10000 [=>............................] - ETA: 12:09 - reward: -0.0062
  783/10000 [=>............................] - ETA: 12:10 - reward: -0.0062
  784/10000 [=>............................] - ETA: 12:10 - reward: -0.0062
  785/10000 [=>............................] - ETA: 12:11 - reward: -0.0062
  786/10000 [=>............................] - ETA: 12:11 - reward: -0.0062
  787/10000 [=>............................] - ETA: 12:12 - reward: -0.0062
  788/10000 [=>............................] - ETA: 12:12 - reward: -0.0062
  789/10000 [=>............................] - ETA: 12:12 - reward: -0.0062
  790/10000 [=>............................] - ETA: 12:13 - reward: -0.0062
  791/10000 [=>............................] - ETA: 12:13 - reward: -0.0062
  792/10000 [=>............................] - ETA: 12:13 - reward: -0.0062
  793/10000 [=>............................] - ETA: 12:14 - reward: -0.0062
  794/10000 [=>............................] - ETA: 12:14 - reward: -0.0062
  795/10000 [=>............................] - ETA: 12:14 - reward: -0.0062
  796/10000 [=>............................] - ETA: 12:14 - reward: -0.0062
  797/10000 [=>............................] - ETA: 12:14 - reward: -0.0062
  798/10000 [=>............................] - ETA: 12:15 - reward: -0.0062
  799/10000 [=>............................] - ETA: 12:15 - reward: -0.0062
  800/10000 [=>............................] - ETA: 12:15 - reward: -0.0062
  801/10000 [=>............................] - ETA: 12:15 - reward: -0.0062
  802/10000 [=>............................] - ETA: 12:15 - reward: -0.0062
  803/10000 [=>............................] - ETA: 12:15 - reward: -0.0062
  804/10000 [=>............................] - ETA: 12:16 - reward: -0.0062
  805/10000 [=>............................] - ETA: 12:16 - reward: -0.0062
  806/10000 [=>............................] - ETA: 12:16 - reward: -0.0062
  807/10000 [=>............................] - ETA: 12:16 - reward: -0.0062
  808/10000 [=>............................] - ETA: 12:16 - reward: -0.0062
  809/10000 [=>............................] - ETA: 12:16 - reward: -0.0062
  810/10000 [=>............................] - ETA: 12:16 - reward: -0.0062
  811/10000 [=>............................] - ETA: 12:16 - reward: -0.0062
  812/10000 [=>............................] - ETA: 12:16 - reward: -0.0062
  813/10000 [=>............................] - ETA: 12:16 - reward: -0.0062
  814/10000 [=>............................] - ETA: 12:16 - reward: -0.0062
  815/10000 [=>............................] - ETA: 12:16 - reward: -0.0062
  816/10000 [=>............................] - ETA: 12:16 - reward: -0.0062
  817/10000 [=>............................] - ETA: 12:16 - reward: -0.0062
  818/10000 [=>............................] - ETA: 12:16 - reward: -0.0062
  819/10000 [=>............................] - ETA: 12:15 - reward: -0.0062
  820/10000 [=>............................] - ETA: 12:15 - reward: -0.0063
  821/10000 [=>............................] - ETA: 12:15 - reward: -0.0063
  822/10000 [=>............................] - ETA: 12:15 - reward: -0.0063
  823/10000 [=>............................] - ETA: 12:14 - reward: -0.0063
  824/10000 [=>............................] - ETA: 12:14 - reward: -0.0063
  825/10000 [=>............................] - ETA: 12:14 - reward: -0.0063
  826/10000 [=>............................] - ETA: 12:14 - reward: -0.0063
  827/10000 [=>............................] - ETA: 12:13 - reward: -0.0063
  828/10000 [=>............................] - ETA: 12:13 - reward: -0.0063
  829/10000 [=>............................] - ETA: 12:12 - reward: -0.0063
  830/10000 [=>............................] - ETA: 12:12 - reward: -0.0064
  831/10000 [=>............................] - ETA: 12:11 - reward: -0.0064
  832/10000 [=>............................] - ETA: 12:11 - reward: -0.0064
  833/10000 [=>............................] - ETA: 12:10 - reward: -0.0064
  834/10000 [=>............................] - ETA: 12:10 - reward: -0.0064
  835/10000 [=>............................] - ETA: 12:09 - reward: -0.0064
  836/10000 [=>............................] - ETA: 12:09 - reward: -0.0064
  837/10000 [=>............................] - ETA: 12:08 - reward: -0.0064
  838/10000 [=>............................] - ETA: 12:08 - reward: -0.0065
  839/10000 [=>............................] - ETA: 12:07 - reward: -0.0065
  840/10000 [=>............................] - ETA: 12:06 - reward: -0.0065
  841/10000 [=>............................] - ETA: 12:06 - reward: -0.0065
  842/10000 [=>............................] - ETA: 12:05 - reward: -0.0065
  843/10000 [=>............................] - ETA: 12:04 - reward: -0.0065
  844/10000 [=>............................] - ETA: 12:04 - reward: -0.0065
  845/10000 [=>............................] - ETA: 12:03 - reward: -0.0066
  846/10000 [=>............................] - ETA: 12:02 - reward: -0.0066
  847/10000 [=>............................] - ETA: 12:02 - reward: -0.0066
  848/10000 [=>............................] - ETA: 12:01 - reward: -0.0066
  849/10000 [=>............................] - ETA: 12:00 - reward: -0.0066
  850/10000 [=>............................] - ETA: 12:00 - reward: -0.0066
  851/10000 [=>............................] - ETA: 11:59 - reward: -0.0067
  852/10000 [=>............................] - ETA: 11:58 - reward: -0.0067
  853/10000 [=>............................] - ETA: 11:59 - reward: -0.0067
  854/10000 [=>............................] - ETA: 11:58 - reward: -0.0067
  855/10000 [=>............................] - ETA: 11:58 - reward: -0.0066
  856/10000 [=>............................] - ETA: 11:58 - reward: -0.0066
  857/10000 [=>............................] - ETA: 12:00 - reward: -0.0066
  858/10000 [=>............................] - ETA: 12:00 - reward: -0.0066
  859/10000 [=>............................] - ETA: 12:00 - reward: -0.0066
  860/10000 [=>............................] - ETA: 12:00 - reward: -0.0066
  861/10000 [=>............................] - ETA: 12:00 - reward: -0.0066
  862/10000 [=>............................] - ETA: 12:00 - reward: -0.0065
  863/10000 [=>............................] - ETA: 12:01 - reward: -0.0065
  864/10000 [=>............................] - ETA: 12:01 - reward: -0.0065
  865/10000 [=>............................] - ETA: 12:02 - reward: -0.0065
  866/10000 [=>............................] - ETA: 12:03 - reward: -0.0065
  867/10000 [=>............................] - ETA: 12:03 - reward: -0.0065
  868/10000 [=>............................] - ETA: 12:04 - reward: -0.0065
  869/10000 [=>............................] - ETA: 12:04 - reward: -0.0065
  870/10000 [=>............................] - ETA: 12:05 - reward: -0.0064
  871/10000 [=>............................] - ETA: 12:05 - reward: -0.0064
  872/10000 [=>............................] - ETA: 12:06 - reward: -0.0064
  873/10000 [=>............................] - ETA: 12:06 - reward: -0.0064
  874/10000 [=>............................] - ETA: 12:06 - reward: -0.0064
  875/10000 [=>............................] - ETA: 12:07 - reward: -0.0064
  876/10000 [=>............................] - ETA: 12:07 - reward: -0.0064
  877/10000 [=>............................] - ETA: 12:07 - reward: -0.0064
  878/10000 [=>............................] - ETA: 12:07 - reward: -0.0064
  879/10000 [=>............................] - ETA: 12:07 - reward: -0.0064
  880/10000 [=>............................] - ETA: 12:07 - reward: -0.0063
  881/10000 [=>............................] - ETA: 12:07 - reward: -0.0063
  882/10000 [=>............................] - ETA: 12:07 - reward: -0.0063
  883/10000 [=>............................] - ETA: 12:07 - reward: -0.0063
  884/10000 [=>............................] - ETA: 12:07 - reward: -0.0063
  885/10000 [=>............................] - ETA: 12:07 - reward: -0.0063
  886/10000 [=>............................] - ETA: 12:07 - reward: -0.0063
  887/10000 [=>............................] - ETA: 12:07 - reward: -0.0063
  888/10000 [=>............................] - ETA: 12:08 - reward: -0.0063
  889/10000 [=>............................] - ETA: 12:09 - reward: -0.0063
  890/10000 [=>............................] - ETA: 12:10 - reward: -0.0063
  891/10000 [=>............................] - ETA: 12:11 - reward: -0.0063
  892/10000 [=>............................] - ETA: 12:11 - reward: -0.0063
  893/10000 [=>............................] - ETA: 12:12 - reward: -0.0063
  894/10000 [=>............................] - ETA: 12:13 - reward: -0.0063
  895/10000 [=>............................] - ETA: 12:14 - reward: -0.0063
  896/10000 [=>............................] - ETA: 12:16 - reward: -0.0062
  897/10000 [=>............................] - ETA: 12:16 - reward: -0.0062
  898/10000 [=>............................] - ETA: 12:17 - reward: -0.0062
  899/10000 [=>............................] - ETA: 12:18 - reward: -0.0062
  900/10000 [=>............................] - ETA: 12:18 - reward: -0.0062
  901/10000 [=>............................] - ETA: 12:19 - reward: -0.0062
  902/10000 [=>............................] - ETA: 12:20 - reward: -0.0062
  903/10000 [=>............................] - ETA: 12:20 - reward: -0.0062
  904/10000 [=>............................] - ETA: 12:21 - reward: -0.0062
  905/10000 [=>............................] - ETA: 12:22 - reward: -0.0062
  906/10000 [=>............................] - ETA: 12:22 - reward: -0.0062
  907/10000 [=>............................] - ETA: 12:23 - reward: -0.0062
  908/10000 [=>............................] - ETA: 12:23 - reward: -0.0062
  909/10000 [=>............................] - ETA: 12:24 - reward: -0.0062
  910/10000 [=>............................] - ETA: 12:24 - reward: -0.0062
  911/10000 [=>............................] - ETA: 12:25 - reward: -0.0062
  912/10000 [=>............................] - ETA: 12:25 - reward: -0.0062
  913/10000 [=>............................] - ETA: 12:26 - reward: -0.0062
  914/10000 [=>............................] - ETA: 12:26 - reward: -0.0062
  915/10000 [=>............................] - ETA: 12:27 - reward: -0.0062
  916/10000 [=>............................] - ETA: 12:27 - reward: -0.0062
  917/10000 [=>............................] - ETA: 12:27 - reward: -0.0062
  918/10000 [=>............................] - ETA: 12:27 - reward: -0.0062
  919/10000 [=>............................] - ETA: 12:28 - reward: -0.0062slurmstepd-oat04: error: *** JOB 118446 ON oat04 CANCELLED AT 2017-12-12T21:42:50 ***
